#
# There is insufficient memory for the Java Runtime Environment to continue.
# Native memory allocation (malloc) failed to allocate 1064992 bytes for Chunk::new
# Possible reasons:
#   The system is out of physical RAM or swap space
#   The process is running with CompressedOops enabled, and the Java Heap may be blocking the growth of the native heap
# Possible solutions:
#   Reduce memory load on the system
#   Increase physical memory or swap space
#   Check if swap backing store is full
#   Decrease Java heap size (-Xmx/-Xms)
#   Decrease number of Java threads
#   Decrease Java thread stack sizes (-Xss)
#   Set larger code cache with -XX:ReservedCodeCacheSize=
#   JVM is running with Unscaled Compressed Oops mode in which the Java heap is
#     placed in the first 4GB address space. The Java Heap base address is the
#     maximum limit for the native heap growth. Please use -XX:HeapBaseMinAddress
#     to set the Java Heap base and to place the Java Heap above 4GB virtual address.
# This output file may be truncated or incomplete.
#
#  Out of Memory Error (arena.cpp:191), pid=7980, tid=11416
#
# JRE version: OpenJDK Runtime Environment (17.0.9) (build 17.0.9+0--11185874)
# Java VM: OpenJDK 64-Bit Server VM (17.0.9+0--11185874, mixed mode, tiered, compressed oops, compressed class ptrs, g1 gc, windows-amd64)
# No core dump will be written. Minidumps are not enabled by default on client versions of Windows
#

---------------  S U M M A R Y ------------

Command Line: --add-opens=java.base/java.util=ALL-UNNAMED --add-opens=java.base/java.lang=ALL-UNNAMED --add-opens=java.base/java.lang.invoke=ALL-UNNAMED --add-opens=java.prefs/java.util.prefs=ALL-UNNAMED --add-opens=java.base/java.nio.charset=ALL-UNNAMED --add-opens=java.base/java.net=ALL-UNNAMED --add-opens=java.base/java.util.concurrent.atomic=ALL-UNNAMED -Xmx2048m -Dfile.encoding=UTF-8 -Duser.country=US -Duser.language=en -Duser.variant -javaagent:C:\Users\user\.gradle\wrapper\dists\gradle-8.4-bin\1w5dpkrfk8irigvoxmyhowfim\gradle-8.4\lib\agents\gradle-instrumentation-agent-8.4.jar org.gradle.launcher.daemon.bootstrap.GradleDaemon 8.4

Host: 13th Gen Intel(R) Core(TM) i5-13420H, 12 cores, 7G,  Windows 11 , 64 bit Build 22621 (10.0.22621.3958)
Time: Tue Oct 22 20:23:35 2024 West Asia Standard Time elapsed time: 3.216100 seconds (0d 0h 0m 3s)

---------------  T H R E A D  ---------------

Current thread (0x0000019c026b4020):  JavaThread "C2 CompilerThread1" daemon [_thread_in_native, id=11416, stack(0x0000000b47c00000,0x0000000b47d00000)]


Current CompileTask:
C2:   3216 2929  s!   4       jdk.internal.loader.URLClassPath::getLoader (194 bytes)

Stack: [0x0000000b47c00000,0x0000000b47d00000]
Native frames: (J=compiled Java code, j=interpreted, Vv=VM code, C=native code)
V  [jvm.dll+0x6886e9]
V  [jvm.dll+0x841e4a]
V  [jvm.dll+0x843a8e]
V  [jvm.dll+0x8440f3]
V  [jvm.dll+0x24c14f]
V  [jvm.dll+0xac44c]
V  [jvm.dll+0xaca9c]
V  [jvm.dll+0x36c1f7]
V  [jvm.dll+0x1be6a2]
V  [jvm.dll+0x21df09]
V  [jvm.dll+0x21d1d1]
V  [jvm.dll+0x1a674d]
V  [jvm.dll+0x22d088]
V  [jvm.dll+0x22b1c0]
V  [jvm.dll+0x7f62f7]
V  [jvm.dll+0x7f06aa]
V  [jvm.dll+0x687565]
C  [ucrtbase.dll+0x29333]
C  [KERNEL32.DLL+0x1257d]
C  [ntdll.dll+0x5af08]


---------------  P R O C E S S  ---------------

Threads class SMR info:
_java_thread_list=0x0000019c0ab36650, length=35, elements={
0x0000019c67f21410, 0x0000019c02393260, 0x0000019c02395400, 0x0000019c023a8710,
0x0000019c023ac000, 0x0000019c023ca760, 0x0000019c023cb030, 0x0000019c023cbc30,
0x0000019c023ceb60, 0x0000019c023d1ca0, 0x0000019c7ff5add0, 0x0000019c0261ac10,
0x0000019c026b4020, 0x0000019c0724e850, 0x0000019c08dbb3f0, 0x0000019c08f4f010,
0x0000019c07a91a40, 0x0000019c09d879f0, 0x0000019c07e813a0, 0x0000019c07065510,
0x0000019c07062c90, 0x0000019c070631a0, 0x0000019c07064af0, 0x0000019c07062780,
0x0000019c07062270, 0x0000019c070640d0, 0x0000019c07065a20, 0x0000019c070645e0,
0x0000019c070636b0, 0x0000019c09d574a0, 0x0000019c09d5c090, 0x0000019c09d57ec0,
0x0000019c09d56060, 0x0000019c09d59810, 0x0000019c09d579b0
}

Java Threads: ( => current thread )
  0x0000019c67f21410 JavaThread "main" [_thread_blocked, id=9508, stack(0x0000000b46900000,0x0000000b46a00000)]
  0x0000019c02393260 JavaThread "Reference Handler" daemon [_thread_blocked, id=14012, stack(0x0000000b47000000,0x0000000b47100000)]
  0x0000019c02395400 JavaThread "Finalizer" daemon [_thread_blocked, id=4628, stack(0x0000000b47100000,0x0000000b47200000)]
  0x0000019c023a8710 JavaThread "Signal Dispatcher" daemon [_thread_blocked, id=768, stack(0x0000000b47200000,0x0000000b47300000)]
  0x0000019c023ac000 JavaThread "Attach Listener" daemon [_thread_blocked, id=16464, stack(0x0000000b47300000,0x0000000b47400000)]
  0x0000019c023ca760 JavaThread "Service Thread" daemon [_thread_blocked, id=14368, stack(0x0000000b47400000,0x0000000b47500000)]
  0x0000019c023cb030 JavaThread "Monitor Deflation Thread" daemon [_thread_blocked, id=8856, stack(0x0000000b47500000,0x0000000b47600000)]
  0x0000019c023cbc30 JavaThread "C2 CompilerThread0" daemon [_thread_blocked, id=4960, stack(0x0000000b47600000,0x0000000b47700000)]
  0x0000019c023ceb60 JavaThread "C1 CompilerThread0" daemon [_thread_blocked, id=10884, stack(0x0000000b47700000,0x0000000b47800000)]
  0x0000019c023d1ca0 JavaThread "Sweeper thread" daemon [_thread_blocked, id=15864, stack(0x0000000b47800000,0x0000000b47900000)]
  0x0000019c7ff5add0 JavaThread "Common-Cleaner" daemon [_thread_blocked, id=6540, stack(0x0000000b47900000,0x0000000b47a00000)]
  0x0000019c0261ac10 JavaThread "Notification Thread" daemon [_thread_blocked, id=12472, stack(0x0000000b47a00000,0x0000000b47b00000)]
=>0x0000019c026b4020 JavaThread "C2 CompilerThread1" daemon [_thread_in_native, id=11416, stack(0x0000000b47c00000,0x0000000b47d00000)]
  0x0000019c0724e850 JavaThread "C2 CompilerThread2" daemon [_thread_in_native, id=7868, stack(0x0000000b47d00000,0x0000000b47e00000)]
  0x0000019c08dbb3f0 JavaThread "Daemon health stats" [_thread_blocked, id=6128, stack(0x0000000b48200000,0x0000000b48300000)]
  0x0000019c08f4f010 JavaThread "Incoming local TCP Connector on port 54597" [_thread_in_native, id=16032, stack(0x0000000b48300000,0x0000000b48400000)]
  0x0000019c07a91a40 JavaThread "Daemon periodic checks" [_thread_blocked, id=10100, stack(0x0000000b48400000,0x0000000b48500000)]
  0x0000019c09d879f0 JavaThread "Daemon" [_thread_blocked, id=5364, stack(0x0000000b48500000,0x0000000b48600000)]
  0x0000019c07e813a0 JavaThread "Handler for socket connection from /127.0.0.1:54597 to /127.0.0.1:54598" [_thread_in_native, id=11532, stack(0x0000000b48600000,0x0000000b48700000)]
  0x0000019c07065510 JavaThread "Cancel handler" [_thread_blocked, id=8792, stack(0x0000000b48700000,0x0000000b48800000)]
  0x0000019c07062c90 JavaThread "Daemon worker" [_thread_in_vm, id=15048, stack(0x0000000b48800000,0x0000000b48900000)]
  0x0000019c070631a0 JavaThread "Asynchronous log dispatcher for DefaultDaemonConnection: socket connection from /127.0.0.1:54597 to /127.0.0.1:54598" [_thread_blocked, id=10668, stack(0x0000000b48900000,0x0000000b48a00000)]
  0x0000019c07064af0 JavaThread "Stdin handler" [_thread_blocked, id=13364, stack(0x0000000b48a00000,0x0000000b48b00000)]
  0x0000019c07062780 JavaThread "Daemon client event forwarder" [_thread_blocked, id=3612, stack(0x0000000b48b00000,0x0000000b48c00000)]
  0x0000019c07062270 JavaThread "Cache worker for journal cache (C:\Users\user\.gradle\caches\journal-1)" [_thread_blocked, id=8448, stack(0x0000000b49300000,0x0000000b49400000)]
  0x0000019c070640d0 JavaThread "File lock request listener" [_thread_in_native, id=2732, stack(0x0000000b49400000,0x0000000b49500000)]
  0x0000019c07065a20 JavaThread "Cache worker for file hash cache (C:\Users\user\.gradle\caches\8.4\fileHashes)" [_thread_blocked, id=16348, stack(0x0000000b49500000,0x0000000b49600000)]
  0x0000019c070645e0 JavaThread "File watcher server" daemon [_thread_in_native, id=4120, stack(0x0000000b49600000,0x0000000b49700000)]
  0x0000019c070636b0 JavaThread "File watcher consumer" daemon [_thread_blocked, id=8484, stack(0x0000000b49700000,0x0000000b49800000)]
  0x0000019c09d574a0 JavaThread "Cache worker for checksums cache (D:\FlagGame\.gradle\8.4\checksums)" [_thread_blocked, id=1352, stack(0x0000000b49800000,0x0000000b49900000)]
  0x0000019c09d5c090 JavaThread "Cache worker for file hash cache (D:\FlagGame\.gradle\8.4\fileHashes)" [_thread_blocked, id=16564, stack(0x0000000b49900000,0x0000000b49a00000)]
  0x0000019c09d57ec0 JavaThread "Cache worker for cache directory md-supplier (C:\Users\user\.gradle\caches\8.4\md-supplier)" [_thread_blocked, id=10500, stack(0x0000000b49a00000,0x0000000b49b00000)]
  0x0000019c09d56060 JavaThread "Cache worker for file content cache (C:\Users\user\.gradle\caches\8.4\fileContent)" [_thread_blocked, id=15396, stack(0x0000000b49b00000,0x0000000b49c00000)]
  0x0000019c09d59810 JavaThread "Cache worker for cache directory md-rule (C:\Users\user\.gradle\caches\8.4\md-rule)" [_thread_blocked, id=1476, stack(0x0000000b49c00000,0x0000000b49d00000)]
  0x0000019c09d579b0 JavaThread "Cache worker for execution history cache (C:\Users\user\.gradle\caches\8.4\executionHistory)" [_thread_blocked, id=15268, stack(0x0000000b49d00000,0x0000000b49e00000)]

Other Threads:
  0x0000019c02370a20 VMThread "VM Thread" [stack: 0x0000000b46f00000,0x0000000b47000000] [id=11140]
  0x0000019c67f21f40 WatcherThread [stack: 0x0000000b47b00000,0x0000000b47c00000] [id=3032]
  0x0000019c65c3e840 GCTaskThread "GC Thread#0" [stack: 0x0000000b46a00000,0x0000000b46b00000] [id=11540]
  0x0000019c07e454b0 GCTaskThread "GC Thread#1" [stack: 0x0000000b47e00000,0x0000000b47f00000] [id=2892]
  0x0000019c07a4d540 GCTaskThread "GC Thread#2" [stack: 0x0000000b47f00000,0x0000000b48000000] [id=14880]
  0x0000019c077a7d00 GCTaskThread "GC Thread#3" [stack: 0x0000000b48000000,0x0000000b48100000] [id=13500]
  0x0000019c081d9eb0 GCTaskThread "GC Thread#4" [stack: 0x0000000b48100000,0x0000000b48200000] [id=13296]
  0x0000019c070c70d0 GCTaskThread "GC Thread#5" [stack: 0x0000000b48c00000,0x0000000b48d00000] [id=10124]
  0x0000019c070c6e10 GCTaskThread "GC Thread#6" [stack: 0x0000000b48d00000,0x0000000b48e00000] [id=9836]
  0x0000019c070c6890 GCTaskThread "GC Thread#7" [stack: 0x0000000b48e00000,0x0000000b48f00000] [id=5704]
  0x0000019c070c7390 GCTaskThread "GC Thread#8" [stack: 0x0000000b48f00000,0x0000000b49000000] [id=9068]
  0x0000019c070c6310 GCTaskThread "GC Thread#9" [stack: 0x0000000b49000000,0x0000000b49100000] [id=10320]
  0x0000019c67f87de0 ConcurrentGCThread "G1 Main Marker" [stack: 0x0000000b46b00000,0x0000000b46c00000] [id=13584]
  0x0000019c67f88710 ConcurrentGCThread "G1 Conc#0" [stack: 0x0000000b46c00000,0x0000000b46d00000] [id=8580]
  0x0000019c070c6b50 ConcurrentGCThread "G1 Conc#1" [stack: 0x0000000b49100000,0x0000000b49200000] [id=3408]
  0x0000019c070c65d0 ConcurrentGCThread "G1 Conc#2" [stack: 0x0000000b49200000,0x0000000b49300000] [id=8604]
  0x0000019c7fe26870 ConcurrentGCThread "G1 Refine#0" [stack: 0x0000000b46d00000,0x0000000b46e00000] [id=16656]
  0x0000019c7fe271b0 ConcurrentGCThread "G1 Service" [stack: 0x0000000b46e00000,0x0000000b46f00000] [id=12112]

Threads with active compile tasks:
C2 CompilerThread1     3232 2929  s!   4       jdk.internal.loader.URLClassPath::getLoader (194 bytes)
C2 CompilerThread2     3232 2930       4       jdk.internal.loader.URLClassPath::getResource (74 bytes)

VM state: not at safepoint (normal execution)

VM Mutex/Monitor currently owned by a thread: None

Heap address: 0x0000000080000000, size: 2048 MB, Compressed Oops mode: 32-bit

CDS archive(s) not mapped
Compressed class space mapped at: 0x0000000100000000-0x0000000140000000, reserved size: 1073741824
Narrow klass base: 0x0000000000000000, Narrow klass shift: 3, Narrow klass range: 0x140000000

GC Precious Log:
 CPUs: 12 total, 12 available
 Memory: 7832M
 Large Page Support: Disabled
 NUMA Support: Disabled
 Compressed Oops: Enabled (32-bit)
 Heap Region Size: 1M
 Heap Min Capacity: 8M
 Heap Initial Capacity: 124M
 Heap Max Capacity: 2G
 Pre-touch: Disabled
 Parallel Workers: 10
 Concurrent Workers: 3
 Concurrent Refinement Workers: 10
 Periodic GC: Disabled

Heap:
 garbage-first heap   total 86016K, used 33861K [0x0000000080000000, 0x0000000100000000)
  region size 1024K, 16 young (16384K), 4 survivors (4096K)
 Metaspace       used 39145K, committed 39488K, reserved 1114112K
  class space    used 5235K, committed 5440K, reserved 1048576K

Heap Regions: E=young(eden), S=young(survivor), O=old, HS=humongous(starts), HC=humongous(continues), CS=collection set, F=free, OA=open archive, CA=closed archive, TAMS=top-at-mark-start (previous, next)
|   0|0x0000000080000000, 0x0000000080100000, 0x0000000080100000|100%|HS|  |TAMS 0x0000000080100000, 0x0000000080000000| Complete 
|   1|0x0000000080100000, 0x0000000080200000, 0x0000000080200000|100%|HC|  |TAMS 0x0000000080200000, 0x0000000080100000| Complete 
|   2|0x0000000080200000, 0x0000000080300000, 0x0000000080300000|100%|HC|  |TAMS 0x0000000080300000, 0x0000000080200000| Complete 
|   3|0x0000000080300000, 0x0000000080400000, 0x0000000080400000|100%|HC|  |TAMS 0x0000000080400000, 0x0000000080300000| Complete 
|   4|0x0000000080400000, 0x0000000080500000, 0x0000000080500000|100%| O|  |TAMS 0x0000000080500000, 0x0000000080400000| Untracked 
|   5|0x0000000080500000, 0x0000000080600000, 0x0000000080600000|100%| O|  |TAMS 0x0000000080600000, 0x0000000080500000| Untracked 
|   6|0x0000000080600000, 0x0000000080700000, 0x0000000080700000|100%| O|  |TAMS 0x0000000080700000, 0x0000000080600000| Untracked 
|   7|0x0000000080700000, 0x0000000080800000, 0x0000000080800000|100%| O|  |TAMS 0x0000000080800000, 0x0000000080700000| Untracked 
|   8|0x0000000080800000, 0x0000000080900000, 0x0000000080900000|100%| O|  |TAMS 0x0000000080900000, 0x0000000080800000| Untracked 
|   9|0x0000000080900000, 0x0000000080a00000, 0x0000000080a00000|100%| O|  |TAMS 0x0000000080a00000, 0x0000000080900000| Untracked 
|  10|0x0000000080a00000, 0x0000000080a00000, 0x0000000080b00000|  0%| F|  |TAMS 0x0000000080a00000, 0x0000000080a00000| Untracked 
|  11|0x0000000080b00000, 0x0000000080c00000, 0x0000000080c00000|100%| O|  |TAMS 0x0000000080c00000, 0x0000000080b00000| Untracked 
|  12|0x0000000080c00000, 0x0000000080d00000, 0x0000000080d00000|100%| O|  |TAMS 0x0000000080d00000, 0x0000000080c00000| Untracked 
|  13|0x0000000080d00000, 0x0000000080e00000, 0x0000000080e00000|100%| O|  |TAMS 0x0000000080e00000, 0x0000000080d00000| Untracked 
|  14|0x0000000080e00000, 0x0000000080f00000, 0x0000000080f00000|100%| O|  |TAMS 0x0000000080f00000, 0x0000000080e00000| Untracked 
|  15|0x0000000080f00000, 0x0000000081000000, 0x0000000081000000|100%| O|  |TAMS 0x0000000081000000, 0x0000000080f00000| Untracked 
|  16|0x0000000081000000, 0x0000000081100000, 0x0000000081100000|100%| O|  |TAMS 0x0000000081100000, 0x0000000081000000| Untracked 
|  17|0x0000000081100000, 0x0000000081200000, 0x0000000081200000|100%| O|  |TAMS 0x0000000081200000, 0x0000000081100000| Untracked 
|  18|0x0000000081200000, 0x0000000081300000, 0x0000000081300000|100%| O|  |TAMS 0x0000000081300000, 0x0000000081200000| Untracked 
|  19|0x0000000081300000, 0x0000000081400000, 0x0000000081400000|100%| O|  |TAMS 0x0000000081400000, 0x0000000081300000| Untracked 
|  20|0x0000000081400000, 0x00000000814e9c00, 0x0000000081500000| 91%| O|  |TAMS 0x00000000814e9c00, 0x0000000081400000| Complete 
|  21|0x0000000081500000, 0x0000000081500000, 0x0000000081600000|  0%| F|  |TAMS 0x0000000081500000, 0x0000000081500000| Untracked 
|  22|0x0000000081600000, 0x0000000081600000, 0x0000000081700000|  0%| F|  |TAMS 0x0000000081600000, 0x0000000081600000| Untracked 
|  23|0x0000000081700000, 0x0000000081700000, 0x0000000081800000|  0%| F|  |TAMS 0x0000000081700000, 0x0000000081700000| Untracked 
|  24|0x0000000081800000, 0x0000000081800000, 0x0000000081900000|  0%| F|  |TAMS 0x0000000081800000, 0x0000000081800000| Untracked 
|  25|0x0000000081900000, 0x0000000081900000, 0x0000000081a00000|  0%| F|  |TAMS 0x0000000081900000, 0x0000000081900000| Untracked 
|  26|0x0000000081a00000, 0x0000000081a00000, 0x0000000081b00000|  0%| F|  |TAMS 0x0000000081a00000, 0x0000000081a00000| Untracked 
|  27|0x0000000081b00000, 0x0000000081b00000, 0x0000000081c00000|  0%| F|  |TAMS 0x0000000081b00000, 0x0000000081b00000| Untracked 
|  28|0x0000000081c00000, 0x0000000081c00000, 0x0000000081d00000|  0%| F|  |TAMS 0x0000000081c00000, 0x0000000081c00000| Untracked 
|  29|0x0000000081d00000, 0x0000000081d00000, 0x0000000081e00000|  0%| F|  |TAMS 0x0000000081d00000, 0x0000000081d00000| Untracked 
|  30|0x0000000081e00000, 0x0000000081e00000, 0x0000000081f00000|  0%| F|  |TAMS 0x0000000081e00000, 0x0000000081e00000| Untracked 
|  31|0x0000000081f00000, 0x0000000081f00000, 0x0000000082000000|  0%| F|  |TAMS 0x0000000081f00000, 0x0000000081f00000| Untracked 
|  32|0x0000000082000000, 0x0000000082000000, 0x0000000082100000|  0%| F|  |TAMS 0x0000000082000000, 0x0000000082000000| Untracked 
|  33|0x0000000082100000, 0x0000000082100000, 0x0000000082200000|  0%| F|  |TAMS 0x0000000082100000, 0x0000000082100000| Untracked 
|  34|0x0000000082200000, 0x0000000082200000, 0x0000000082300000|  0%| F|  |TAMS 0x0000000082200000, 0x0000000082200000| Untracked 
|  35|0x0000000082300000, 0x0000000082300000, 0x0000000082400000|  0%| F|  |TAMS 0x0000000082300000, 0x0000000082300000| Untracked 
|  36|0x0000000082400000, 0x0000000082400000, 0x0000000082500000|  0%| F|  |TAMS 0x0000000082400000, 0x0000000082400000| Untracked 
|  37|0x0000000082500000, 0x0000000082500000, 0x0000000082600000|  0%| F|  |TAMS 0x0000000082500000, 0x0000000082500000| Untracked 
|  38|0x0000000082600000, 0x0000000082600000, 0x0000000082700000|  0%| F|  |TAMS 0x0000000082600000, 0x0000000082600000| Untracked 
|  39|0x0000000082700000, 0x0000000082700000, 0x0000000082800000|  0%| F|  |TAMS 0x0000000082700000, 0x0000000082700000| Untracked 
|  40|0x0000000082800000, 0x0000000082800000, 0x0000000082900000|  0%| F|  |TAMS 0x0000000082800000, 0x0000000082800000| Untracked 
|  41|0x0000000082900000, 0x0000000082900000, 0x0000000082a00000|  0%| F|  |TAMS 0x0000000082900000, 0x0000000082900000| Untracked 
|  42|0x0000000082a00000, 0x0000000082a00000, 0x0000000082b00000|  0%| F|  |TAMS 0x0000000082a00000, 0x0000000082a00000| Untracked 
|  43|0x0000000082b00000, 0x0000000082b00000, 0x0000000082c00000|  0%| F|  |TAMS 0x0000000082b00000, 0x0000000082b00000| Untracked 
|  44|0x0000000082c00000, 0x0000000082c00000, 0x0000000082d00000|  0%| F|  |TAMS 0x0000000082c00000, 0x0000000082c00000| Untracked 
|  45|0x0000000082d00000, 0x0000000082d00000, 0x0000000082e00000|  0%| F|  |TAMS 0x0000000082d00000, 0x0000000082d00000| Untracked 
|  46|0x0000000082e00000, 0x0000000082e00000, 0x0000000082f00000|  0%| F|  |TAMS 0x0000000082e00000, 0x0000000082e00000| Untracked 
|  47|0x0000000082f00000, 0x0000000082f00000, 0x0000000083000000|  0%| F|  |TAMS 0x0000000082f00000, 0x0000000082f00000| Untracked 
|  48|0x0000000083000000, 0x0000000083000000, 0x0000000083100000|  0%| F|  |TAMS 0x0000000083000000, 0x0000000083000000| Untracked 
|  49|0x0000000083100000, 0x0000000083100000, 0x0000000083200000|  0%| F|  |TAMS 0x0000000083100000, 0x0000000083100000| Untracked 
|  50|0x0000000083200000, 0x0000000083200000, 0x0000000083300000|  0%| F|  |TAMS 0x0000000083200000, 0x0000000083200000| Untracked 
|  51|0x0000000083300000, 0x0000000083300000, 0x0000000083400000|  0%| F|  |TAMS 0x0000000083300000, 0x0000000083300000| Untracked 
|  52|0x0000000083400000, 0x0000000083400000, 0x0000000083500000|  0%| F|  |TAMS 0x0000000083400000, 0x0000000083400000| Untracked 
|  53|0x0000000083500000, 0x0000000083527ad8, 0x0000000083600000| 15%| S|CS|TAMS 0x0000000083500000, 0x0000000083500000| Complete 
|  54|0x0000000083600000, 0x0000000083700000, 0x0000000083700000|100%| S|CS|TAMS 0x0000000083600000, 0x0000000083600000| Complete 
|  55|0x0000000083700000, 0x0000000083800000, 0x0000000083800000|100%| S|CS|TAMS 0x0000000083700000, 0x0000000083700000| Complete 
|  56|0x0000000083800000, 0x0000000083900000, 0x0000000083900000|100%| S|CS|TAMS 0x0000000083800000, 0x0000000083800000| Complete 
|  57|0x0000000083900000, 0x0000000083900000, 0x0000000083a00000|  0%| F|  |TAMS 0x0000000083900000, 0x0000000083900000| Untracked 
|  58|0x0000000083a00000, 0x0000000083a00000, 0x0000000083b00000|  0%| F|  |TAMS 0x0000000083a00000, 0x0000000083a00000| Untracked 
|  59|0x0000000083b00000, 0x0000000083b00000, 0x0000000083c00000|  0%| F|  |TAMS 0x0000000083b00000, 0x0000000083b00000| Untracked 
|  60|0x0000000083c00000, 0x0000000083c00000, 0x0000000083d00000|  0%| F|  |TAMS 0x0000000083c00000, 0x0000000083c00000| Untracked 
|  61|0x0000000083d00000, 0x0000000083d00000, 0x0000000083e00000|  0%| F|  |TAMS 0x0000000083d00000, 0x0000000083d00000| Untracked 
|  62|0x0000000083e00000, 0x0000000083e00000, 0x0000000083f00000|  0%| F|  |TAMS 0x0000000083e00000, 0x0000000083e00000| Untracked 
|  63|0x0000000083f00000, 0x0000000083f00000, 0x0000000084000000|  0%| F|  |TAMS 0x0000000083f00000, 0x0000000083f00000| Untracked 
|  64|0x0000000084000000, 0x0000000084000000, 0x0000000084100000|  0%| F|  |TAMS 0x0000000084000000, 0x0000000084000000| Untracked 
|  65|0x0000000084100000, 0x0000000084100000, 0x0000000084200000|  0%| F|  |TAMS 0x0000000084100000, 0x0000000084100000| Untracked 
|  66|0x0000000084200000, 0x0000000084200000, 0x0000000084300000|  0%| F|  |TAMS 0x0000000084200000, 0x0000000084200000| Untracked 
|  67|0x0000000084300000, 0x0000000084300000, 0x0000000084400000|  0%| F|  |TAMS 0x0000000084300000, 0x0000000084300000| Untracked 
|  68|0x0000000084400000, 0x0000000084400000, 0x0000000084500000|  0%| F|  |TAMS 0x0000000084400000, 0x0000000084400000| Untracked 
|  69|0x0000000084500000, 0x0000000084500000, 0x0000000084600000|  0%| F|  |TAMS 0x0000000084500000, 0x0000000084500000| Untracked 
|  70|0x0000000084600000, 0x0000000084600000, 0x0000000084700000|  0%| F|  |TAMS 0x0000000084600000, 0x0000000084600000| Untracked 
|  71|0x0000000084700000, 0x000000008470b400, 0x0000000084800000|  4%| E|  |TAMS 0x0000000084700000, 0x0000000084700000| Complete 
|  72|0x0000000084800000, 0x0000000084900000, 0x0000000084900000|100%| E|CS|TAMS 0x0000000084800000, 0x0000000084800000| Complete 
|  73|0x0000000084900000, 0x0000000084a00000, 0x0000000084a00000|100%| E|CS|TAMS 0x0000000084900000, 0x0000000084900000| Complete 
|  74|0x0000000084a00000, 0x0000000084b00000, 0x0000000084b00000|100%| E|CS|TAMS 0x0000000084a00000, 0x0000000084a00000| Complete 
|  75|0x0000000084b00000, 0x0000000084c00000, 0x0000000084c00000|100%| E|CS|TAMS 0x0000000084b00000, 0x0000000084b00000| Complete 
|  76|0x0000000084c00000, 0x0000000084d00000, 0x0000000084d00000|100%| E|CS|TAMS 0x0000000084c00000, 0x0000000084c00000| Complete 
|  77|0x0000000084d00000, 0x0000000084e00000, 0x0000000084e00000|100%| E|CS|TAMS 0x0000000084d00000, 0x0000000084d00000| Complete 
|  78|0x0000000084e00000, 0x0000000084f00000, 0x0000000084f00000|100%| E|CS|TAMS 0x0000000084e00000, 0x0000000084e00000| Complete 
|  79|0x0000000084f00000, 0x0000000085000000, 0x0000000085000000|100%| E|  |TAMS 0x0000000084f00000, 0x0000000084f00000| Complete 
|  80|0x0000000085000000, 0x0000000085100000, 0x0000000085100000|100%| E|CS|TAMS 0x0000000085000000, 0x0000000085000000| Complete 
|  81|0x0000000085100000, 0x0000000085200000, 0x0000000085200000|100%| E|CS|TAMS 0x0000000085100000, 0x0000000085100000| Complete 
|  82|0x0000000085200000, 0x0000000085300000, 0x0000000085300000|100%| E|CS|TAMS 0x0000000085200000, 0x0000000085200000| Complete 
| 123|0x0000000087b00000, 0x0000000087c00000, 0x0000000087c00000|100%| E|CS|TAMS 0x0000000087b00000, 0x0000000087b00000| Complete 

Card table byte_map: [0x0000019c7ad30000,0x0000019c7b130000] _byte_map_base: 0x0000019c7a930000

Marking Bits (Prev, Next): (CMBitMap*) 0x0000019c67f76ee0, (CMBitMap*) 0x0000019c67f76f20
 Prev Bits: [0x0000019c7b530000, 0x0000019c7d530000)
 Next Bits: [0x0000019c7d530000, 0x0000019c7f530000)

Polling page: 0x0000019c65e60000

Metaspace:

Usage:
  Non-class:     33.15 MB used.
      Class:      5.12 MB used.
       Both:     38.27 MB used.

Virtual space:
  Non-class space:       64.00 MB reserved,      33.31 MB ( 52%) committed,  1 nodes.
      Class space:        1.00 GB reserved,       5.31 MB ( <1%) committed,  1 nodes.
             Both:        1.06 GB reserved,      38.62 MB (  4%) committed. 

Chunk freelists:
   Non-Class:  14.64 MB
       Class:  10.67 MB
        Both:  25.31 MB

MaxMetaspaceSize: unlimited
CompressedClassSpaceSize: 1.00 GB
Initial GC threshold: 21.00 MB
Current GC threshold: 58.88 MB
CDS: off
MetaspaceReclaimPolicy: balanced
 - commit_granule_bytes: 65536.
 - commit_granule_words: 8192.
 - virtual_space_node_default_size: 8388608.
 - enlarge_chunks_in_place: 1.
 - new_chunks_are_fully_committed: 0.
 - uncommit_free_chunks: 1.
 - use_allocation_guard: 0.
 - handle_deallocations: 1.


Internal statistics:

num_allocs_failed_limit: 6.
num_arena_births: 294.
num_arena_deaths: 0.
num_vsnodes_births: 2.
num_vsnodes_deaths: 0.
num_space_committed: 618.
num_space_uncommitted: 0.
num_chunks_returned_to_freelist: 6.
num_chunks_taken_from_freelist: 1373.
num_chunk_merges: 6.
num_chunk_splits: 916.
num_chunks_enlarged: 645.
num_inconsistent_stats: 0.

CodeHeap 'non-profiled nmethods': size=120000Kb used=1850Kb max_used=1850Kb free=118149Kb
 bounds [0x0000019c72ea0000, 0x0000019c73110000, 0x0000019c7a3d0000]
CodeHeap 'profiled nmethods': size=120000Kb used=6143Kb max_used=6143Kb free=113856Kb
 bounds [0x0000019c6b3d0000, 0x0000019c6b9d0000, 0x0000019c72900000]
CodeHeap 'non-nmethods': size=5760Kb used=1244Kb max_used=1293Kb free=4515Kb
 bounds [0x0000019c72900000, 0x0000019c72b70000, 0x0000019c72ea0000]
 total_blobs=3667 nmethods=3105 adapters=474
 compilation: enabled
              stopped_count=0, restarted_count=0
 full_count=0

Compilation events (20 events):
Event: 3.163 Thread 0x0000019c023ceb60 nmethod 3080 0x0000019c6b9c8690 code [0x0000019c6b9c8820, 0x0000019c6b9c8958]
Event: 3.163 Thread 0x0000019c023ceb60 3079       3       org.codehaus.groovy.runtime.metaclass.MethodHelper::isStatic (19 bytes)
Event: 3.163 Thread 0x0000019c023ceb60 nmethod 3079 0x0000019c6b9c8a10 code [0x0000019c6b9c8ba0, 0x0000019c6b9c8d18]
Event: 3.164 Thread 0x0000019c023ceb60 3082       3       java.util.regex.Pattern$BitClass::is (22 bytes)
Event: 3.164 Thread 0x0000019c023ceb60 nmethod 3082 0x0000019c6b9c8e10 code [0x0000019c6b9c8fa0, 0x0000019c6b9c9178]
Event: 3.164 Thread 0x0000019c023cbc30 nmethod 3077 0x0000019c7306b010 code [0x0000019c7306b180, 0x0000019c7306b398]
Event: 3.164 Thread 0x0000019c023cbc30 3081       4       java.lang.StringLatin1::compareToCI (108 bytes)
Event: 3.168 Thread 0x0000019c023ceb60 3083       3       jdk.internal.misc.Unsafe::checkNativeAddress (28 bytes)
Event: 3.168 Thread 0x0000019c023ceb60 nmethod 3083 0x0000019c6b9c9290 code [0x0000019c6b9c9420, 0x0000019c6b9c9538]
Event: 3.168 Thread 0x0000019c023cbc30 nmethod 3081 0x0000019c7306b490 code [0x0000019c7306b640, 0x0000019c7306bb18]
Event: 3.170 Thread 0x0000019c023ceb60 3084       3       java.lang.PublicMethods::toArray (76 bytes)
Event: 3.170 Thread 0x0000019c023ceb60 nmethod 3084 0x0000019c6b9c9610 code [0x0000019c6b9c9820, 0x0000019c6b9ca0b8]
Event: 3.190 Thread 0x0000019c023ceb60 3085       3       java.util.concurrent.locks.ReentrantLock$Sync::isHeldExclusively (16 bytes)
Event: 3.190 Thread 0x0000019c023ceb60 nmethod 3085 0x0000019c6b9ca310 code [0x0000019c6b9ca4a0, 0x0000019c6b9ca638]
Event: 3.191 Thread 0x0000019c023ceb60 3086       1       java.util.stream.ReduceOps$Box::get (5 bytes)
Event: 3.191 Thread 0x0000019c023ceb60 nmethod 3086 0x0000019c7306be90 code [0x0000019c7306c020, 0x0000019c7306c0f8]
Event: 3.191 Thread 0x0000019c023ceb60 3087       3       java.lang.Throwable::<init> (34 bytes)
Event: 3.191 Thread 0x0000019c023cbc30 3088       4       java.lang.Class::reflectionData (43 bytes)
Event: 3.192 Thread 0x0000019c023ceb60 nmethod 3087 0x0000019c6b9ca710 code [0x0000019c6b9ca8e0, 0x0000019c6b9caca8]
Event: 3.196 Thread 0x0000019c023cbc30 nmethod 3088 0x0000019c7306c190 code [0x0000019c7306c320, 0x0000019c7306c738]

GC Heap History (14 events):
Event: 0.566 GC heap before
{Heap before GC invocations=0 (full 0):
 garbage-first heap   total 126976K, used 26624K [0x0000000080000000, 0x0000000100000000)
  region size 1024K, 23 young (23552K), 0 survivors (0K)
 Metaspace       used 10510K, committed 10624K, reserved 1114112K
  class space    used 1092K, committed 1152K, reserved 1048576K
}
Event: 0.573 GC heap after
{Heap after GC invocations=1 (full 0):
 garbage-first heap   total 126976K, used 10560K [0x0000000080000000, 0x0000000100000000)
  region size 1024K, 3 young (3072K), 3 survivors (3072K)
 Metaspace       used 10510K, committed 10624K, reserved 1114112K
  class space    used 1092K, committed 1152K, reserved 1048576K
}
Event: 0.826 GC heap before
{Heap before GC invocations=1 (full 0):
 garbage-first heap   total 126976K, used 38208K [0x0000000080000000, 0x0000000100000000)
  region size 1024K, 30 young (30720K), 3 survivors (3072K)
 Metaspace       used 11455K, committed 11584K, reserved 1114112K
  class space    used 1199K, committed 1280K, reserved 1048576K
}
Event: 0.831 GC heap after
{Heap after GC invocations=2 (full 0):
 garbage-first heap   total 126976K, used 11545K [0x0000000080000000, 0x0000000100000000)
  region size 1024K, 1 young (1024K), 1 survivors (1024K)
 Metaspace       used 11455K, committed 11584K, reserved 1114112K
  class space    used 1199K, committed 1280K, reserved 1048576K
}
Event: 1.740 GC heap before
{Heap before GC invocations=2 (full 0):
 garbage-first heap   total 126976K, used 57625K [0x0000000080000000, 0x0000000100000000)
  region size 1024K, 46 young (47104K), 1 survivors (1024K)
 Metaspace       used 21321K, committed 21504K, reserved 1114112K
  class space    used 2528K, committed 2624K, reserved 1048576K
}
Event: 1.748 GC heap after
{Heap after GC invocations=3 (full 0):
 garbage-first heap   total 126976K, used 18962K [0x0000000080000000, 0x0000000100000000)
  region size 1024K, 9 young (9216K), 9 survivors (9216K)
 Metaspace       used 21321K, committed 21504K, reserved 1114112K
  class space    used 2528K, committed 2624K, reserved 1048576K
}
Event: 2.222 GC heap before
{Heap before GC invocations=4 (full 0):
 garbage-first heap   total 71680K, used 51730K [0x0000000080000000, 0x0000000100000000)
  region size 1024K, 42 young (43008K), 9 survivors (9216K)
 Metaspace       used 26540K, committed 26752K, reserved 1114112K
  class space    used 3425K, committed 3520K, reserved 1048576K
}
Event: 2.227 GC heap after
{Heap after GC invocations=5 (full 0):
 garbage-first heap   total 71680K, used 20864K [0x0000000080000000, 0x0000000100000000)
  region size 1024K, 3 young (3072K), 3 survivors (3072K)
 Metaspace       used 26540K, committed 26752K, reserved 1114112K
  class space    used 3425K, committed 3520K, reserved 1048576K
}
Event: 2.238 GC heap before
{Heap before GC invocations=5 (full 0):
 garbage-first heap   total 71680K, used 20864K [0x0000000080000000, 0x0000000100000000)
  region size 1024K, 4 young (4096K), 3 survivors (3072K)
 Metaspace       used 26641K, committed 26944K, reserved 1114112K
  class space    used 3449K, committed 3584K, reserved 1048576K
}
Event: 2.240 GC heap after
{Heap after GC invocations=6 (full 0):
 garbage-first heap   total 86016K, used 20656K [0x0000000080000000, 0x0000000100000000)
  region size 1024K, 1 young (1024K), 1 survivors (1024K)
 Metaspace       used 26641K, committed 26944K, reserved 1114112K
  class space    used 3449K, committed 3584K, reserved 1048576K
}
Event: 2.684 GC heap before
{Heap before GC invocations=6 (full 0):
 garbage-first heap   total 86016K, used 58544K [0x0000000080000000, 0x0000000100000000)
  region size 1024K, 39 young (39936K), 1 survivors (1024K)
 Metaspace       used 31688K, committed 32000K, reserved 1114112K
  class space    used 4279K, committed 4416K, reserved 1048576K
}
Event: 2.687 GC heap after
{Heap after GC invocations=7 (full 0):
 garbage-first heap   total 86016K, used 22502K [0x0000000080000000, 0x0000000100000000)
  region size 1024K, 3 young (3072K), 3 survivors (3072K)
 Metaspace       used 31688K, committed 32000K, reserved 1114112K
  class space    used 4279K, committed 4416K, reserved 1048576K
}
Event: 3.023 GC heap before
{Heap before GC invocations=7 (full 0):
 garbage-first heap   total 86016K, used 49126K [0x0000000080000000, 0x0000000100000000)
  region size 1024K, 30 young (30720K), 3 survivors (3072K)
 Metaspace       used 35747K, committed 36096K, reserved 1114112K
  class space    used 4880K, committed 5056K, reserved 1048576K
}
Event: 3.025 GC heap after
{Heap after GC invocations=8 (full 0):
 garbage-first heap   total 86016K, used 23621K [0x0000000080000000, 0x0000000100000000)
  region size 1024K, 4 young (4096K), 4 survivors (4096K)
 Metaspace       used 35747K, committed 36096K, reserved 1114112K
  class space    used 4880K, committed 5056K, reserved 1048576K
}

Dll operation events (3 events):
Event: 0.010 Loaded shared library C:\Program Files\Android\Android Studio4\jbr\bin\java.dll
Event: 0.123 Loaded shared library C:\Program Files\Android\Android Studio4\jbr\bin\zip.dll
Event: 0.323 Loaded shared library C:\Program Files\Android\Android Studio4\jbr\bin\verify.dll

Deoptimization events (20 events):
Event: 2.308 Thread 0x0000019c07062c90 Uncommon trap: trap_request=0xffffff45 fr.pc=0x0000019c72fa69fc relative=0x00000000000003bc
Event: 2.308 Thread 0x0000019c07062c90 Uncommon trap: reason=unstable_if action=reinterpret pc=0x0000019c72fa69fc method=java.util.HashMap.getNode(Ljava/lang/Object;)Ljava/util/HashMap$Node; @ 131 c2
Event: 2.308 Thread 0x0000019c07062c90 DEOPT PACKING pc=0x0000019c72fa69fc sp=0x0000000b488fb080
Event: 2.308 Thread 0x0000019c07062c90 DEOPT UNPACKING pc=0x0000019c729569a3 sp=0x0000000b488fafa0 mode 2
Event: 2.330 Thread 0x0000019c07062c90 DEOPT PACKING pc=0x0000019c6b7c87d4 sp=0x0000000b488f8e70
Event: 2.330 Thread 0x0000019c07062c90 DEOPT UNPACKING pc=0x0000019c72957143 sp=0x0000000b488f83c8 mode 0
Event: 2.496 Thread 0x0000019c07062c90 Uncommon trap: trap_request=0xffffff76 fr.pc=0x0000019c73000df4 relative=0x0000000000000154
Event: 2.496 Thread 0x0000019c07062c90 Uncommon trap: reason=predicate action=maybe_recompile pc=0x0000019c73000df4 method=com.google.common.base.CharMatcher.indexIn(Ljava/lang/CharSequence;I)I @ 19 c2
Event: 2.496 Thread 0x0000019c07062c90 DEOPT PACKING pc=0x0000019c73000df4 sp=0x0000000b488fa740
Event: 2.496 Thread 0x0000019c07062c90 DEOPT UNPACKING pc=0x0000019c729569a3 sp=0x0000000b488fa6d0 mode 2
Event: 2.546 Thread 0x0000019c07062c90 Uncommon trap: trap_request=0xffffff45 fr.pc=0x0000019c72f7b4f0 relative=0x00000000000005d0
Event: 2.546 Thread 0x0000019c07062c90 Uncommon trap: reason=unstable_if action=reinterpret pc=0x0000019c72f7b4f0 method=java.util.Properties$LineReader.readLine()I @ 95 c2
Event: 2.546 Thread 0x0000019c07062c90 DEOPT PACKING pc=0x0000019c72f7b4f0 sp=0x0000000b488fb610
Event: 2.546 Thread 0x0000019c07062c90 DEOPT UNPACKING pc=0x0000019c729569a3 sp=0x0000000b488fb5c0 mode 2
Event: 2.616 Thread 0x0000019c07062c90 DEOPT PACKING pc=0x0000019c6b73b6f1 sp=0x0000000b488f6cb0
Event: 2.616 Thread 0x0000019c07062c90 DEOPT UNPACKING pc=0x0000019c72957143 sp=0x0000000b488f61c0 mode 0
Event: 2.731 Thread 0x0000019c07062c90 Uncommon trap: trap_request=0xffffff45 fr.pc=0x0000019c72ef7de8 relative=0x00000000000005a8
Event: 2.731 Thread 0x0000019c07062c90 Uncommon trap: reason=unstable_if action=reinterpret pc=0x0000019c72ef7de8 method=java.util.HashMap.hash(Ljava/lang/Object;)I @ 1 c2
Event: 2.731 Thread 0x0000019c07062c90 DEOPT PACKING pc=0x0000019c72ef7de8 sp=0x0000000b488f7d10
Event: 2.731 Thread 0x0000019c07062c90 DEOPT UNPACKING pc=0x0000019c729569a3 sp=0x0000000b488f7bb8 mode 2

Classes unloaded (0 events):
No events

Classes redefined (0 events):
No events

Internal exceptions (20 events):
Event: 2.520 Thread 0x0000019c07062c90 Exception <a 'java/lang/NoSuchMethodError'{0x0000000083cb8000}: 'int java.lang.invoke.DirectMethodHandle$Holder.invokeVirtual(java.lang.Object, java.lang.Object)'> (0x0000000083cb8000) 
thrown [s\src\hotspot\share\interpreter\linkResolver.cpp, line 771]
Event: 2.522 Thread 0x0000019c07062c90 Exception <a 'java/lang/NoSuchMethodError'{0x0000000083cca8c8}: 'java.lang.Object java.lang.invoke.DirectMethodHandle$Holder.invokeStaticInit(java.lang.Object, java.lang.Object, java.lang.Object)'> (0x0000000083cca8c8) 
thrown [s\src\hotspot\share\interpreter\linkResolver.cpp, line 771]
Event: 2.525 Thread 0x0000019c07062c90 Exception <a 'java/lang/NoSuchMethodError'{0x0000000083cf1948}: 'int java.lang.invoke.DirectMethodHandle$Holder.invokeVirtual(java.lang.Object, java.lang.Object, java.lang.Object)'> (0x0000000083cf1948) 
thrown [s\src\hotspot\share\interpreter\linkResolver.cpp, line 771]
Event: 2.642 Thread 0x0000019c07062c90 Exception <a 'java/lang/NoSuchMethodError'{0x0000000083017518}: 'java.lang.Object java.lang.invoke.DirectMethodHandle$Holder.invokeSpecialIFC(java.lang.Object, java.lang.Object, java.lang.Object, java.lang.Object)'> (0x0000000083017518) 
thrown [s\src\hotspot\share\interpreter\linkResolver.cpp, line 771]
Event: 2.648 Thread 0x0000019c07062c90 Exception <a 'java/lang/NoSuchMethodError'{0x0000000083099228}: 'java.lang.Object java.lang.invoke.DirectMethodHandle$Holder.newInvokeSpecial(java.lang.Object, java.lang.Object, java.lang.Object, java.lang.Object, java.lang.Object, java.lang.Object, java.lang.Object, java.lang.Object, java.lang.Object, java.lang.Object)'> (0x0000000083099228) 
thrown [s\src\hotspot\share\interpreter\linkResolver.cpp, line 771]
Event: 2.648 Thread 0x0000019c07062c90 Exception <a 'java/lang/NoSuchMethodError'{0x000000008309e110}: 'java.lang.Object java.lang.invoke.Invokers$Holder.linkToTargetMethod(java.lang.Object, java.lang.Object, java.lang.Object, java.lang.Object, java.lang.Object, java.lang.Object, java.lang.Object, java.lang.Object, java.lang.Object, java.lang.Object)'> (0x000000008309e110) 
thrown [s\src\hotspot\share\interpreter\linkResolver.cpp, line 771]
Event: 2.653 Thread 0x0000019c07062c90 Exception <a 'java/lang/NoSuchMethodError'{0x0000000082f15088}: 'java.lang.Object java.lang.invoke.DirectMethodHandle$Holder.newInvokeSpecial(java.lang.Object, java.lang.Object, java.lang.Object, java.lang.Object, java.lang.Object, java.lang.Object, java.lang.Object, java.lang.Object, java.lang.Object, java.lang.Object, java.lang.Object)'> (0x0000000082f15088) 
thrown [s\src\hotspot\share\interpreter\linkResolver.cpp, line 771]
Event: 2.653 Thread 0x0000019c07062c90 Exception <a 'java/lang/NoSuchMethodError'{0x0000000082f1abc0}: 'java.lang.Object java.lang.invoke.DirectMethodHandle$Holder.invokeSpecial(java.lang.Object, java.lang.Object, java.lang.Object, java.lang.Object, java.lang.Object, java.lang.Object, java.lang.Object, java.lang.Object, java.lang.Object, java.lang.Object, java.lang.Object, java.lang.Object)'> (0x0000000082f1abc0) 
thrown [s\src\hotspot\share\interpreter\linkResolver.cpp, line 771]
Event: 2.654 Thread 0x0000019c07062c90 Exception <a 'java/lang/NoSuchMethodError'{0x0000000082f20258}: 'java.lang.Object java.lang.invoke.Invokers$Holder.linkToTargetMethod(java.lang.Object, java.lang.Object, java.lang.Object, java.lang.Object, java.lang.Object, java.lang.Object, java.lang.Object, java.lang.Object, java.lang.Object, java.lang.Object, java.lang.Object)'> (0x0000000082f20258) 
thrown [s\src\hotspot\share\interpreter\linkResolver.cpp, line 771]
Event: 2.664 Thread 0x0000019c07062c90 Exception <a 'java/lang/NoSuchMethodError'{0x0000000082fd6360}: 'java.lang.Object java.lang.invoke.DirectMethodHandle$Holder.invokeStaticInit(java.lang.Object, java.lang.Object, java.lang.Object, java.lang.Object)'> (0x0000000082fd6360) 
thrown [s\src\hotspot\share\interpreter\linkResolver.cpp, line 771]
Event: 2.731 Thread 0x0000019c07062c90 Implicit null exception at 0x0000019c72ef788a to 0x0000019c72ef7dc8
Event: 2.889 Thread 0x0000019c07062c90 Exception <a 'java/lang/NoSuchMethodError'{0x00000000844ad1f8}: 'java.lang.Object java.lang.invoke.DirectMethodHandle$Holder.newInvokeSpecial(java.lang.Object, java.lang.Object, java.lang.Object, java.lang.Object, java.lang.Object, java.lang.Object, java.lang.Object, java.lang.Object)'> (0x00000000844ad1f8) 
thrown [s\src\hotspot\share\interpreter\linkResolver.cpp, line 771]
Event: 2.889 Thread 0x0000019c07062c90 Exception <a 'java/lang/NoSuchMethodError'{0x00000000844b2f18}: 'java.lang.Object java.lang.invoke.Invokers$Holder.linkToTargetMethod(java.lang.Object, java.lang.Object, java.lang.Object, java.lang.Object, java.lang.Object, java.lang.Object, java.lang.Object, java.lang.Object)'> (0x00000000844b2f18) 
thrown [s\src\hotspot\share\interpreter\linkResolver.cpp, line 771]
Event: 2.896 Thread 0x0000019c07062c90 Exception <a 'java/lang/IncompatibleClassChangeError'{0x0000000084321fc8}: Found class java.lang.Object, but interface was expected> (0x0000000084321fc8) 
thrown [s\src\hotspot\share\interpreter\linkResolver.cpp, line 838]
Event: 2.988 Thread 0x0000019c07062c90 Exception <a 'java/lang/NoSuchMethodError'{0x0000000083c22000}: 'java.lang.Object java.lang.invoke.DirectMethodHandle$Holder.newInvokeSpecial(java.lang.Object, java.lang.Object, int, int)'> (0x0000000083c22000) 
thrown [s\src\hotspot\share\interpreter\linkResolver.cpp, line 771]
Event: 3.084 Thread 0x0000019c07062c90 Exception <a 'java/lang/NoSuchMethodError'{0x00000000851e2ad8}: 'void java.lang.invoke.DirectMethodHandle$Holder.invokeStaticInit(java.lang.Object, java.lang.Object, java.lang.Object)'> (0x00000000851e2ad8) 
thrown [s\src\hotspot\share\interpreter\linkResolver.cpp, line 771]
Event: 3.085 Thread 0x0000019c07062c90 Exception <a 'java/lang/NoSuchMethodError'{0x00000000851e9f78}: 'void java.lang.invoke.DirectMethodHandle$Holder.invokeStaticInit(java.lang.Object, java.lang.Object, java.lang.Object, java.lang.Object)'> (0x00000000851e9f78) 
thrown [s\src\hotspot\share\interpreter\linkResolver.cpp, line 771]
Event: 3.087 Thread 0x0000019c07062c90 Exception <a 'java/lang/NoSuchMethodError'{0x000000008500c420}: 'void java.lang.invoke.DirectMethodHandle$Holder.invokeStaticInit(java.lang.Object, java.lang.Object, java.lang.Object, java.lang.Object, java.lang.Object)'> (0x000000008500c420) 
thrown [s\src\hotspot\share\interpreter\linkResolver.cpp, line 771]
Event: 3.087 Thread 0x0000019c07062c90 Exception <a 'java/lang/NoSuchMethodError'{0x00000000850141e8}: 'int java.lang.invoke.DirectMethodHandle$Holder.invokeStaticInit(java.lang.Object, java.lang.Object, java.lang.Object)'> (0x00000000850141e8) 
thrown [s\src\hotspot\share\interpreter\linkResolver.cpp, line 771]
Event: 3.092 Thread 0x0000019c07062c90 Exception <a 'java/lang/NoSuchMethodError'{0x000000008506a798}: 'int java.lang.invoke.DirectMethodHandle$Holder.invokeStaticInit(java.lang.Object, java.lang.Object, java.lang.Object, java.lang.Object)'> (0x000000008506a798) 
thrown [s\src\hotspot\share\interpreter\linkResolver.cpp, line 771]

VM Operations (20 events):
Event: 2.549 Executing VM operation: HandshakeAllThreads
Event: 2.549 Executing VM operation: HandshakeAllThreads done
Event: 2.683 Executing VM operation: G1CollectForAllocation
Event: 2.687 Executing VM operation: G1CollectForAllocation done
Event: 2.732 Executing VM operation: HandshakeAllThreads
Event: 2.732 Executing VM operation: HandshakeAllThreads done
Event: 2.882 Executing VM operation: HandshakeAllThreads
Event: 2.882 Executing VM operation: HandshakeAllThreads done
Event: 3.023 Executing VM operation: CollectForMetadataAllocation
Event: 3.025 Executing VM operation: CollectForMetadataAllocation done
Event: 3.034 Executing VM operation: G1PauseRemark
Event: 3.038 Executing VM operation: G1PauseRemark done
Event: 3.042 Executing VM operation: G1PauseCleanup
Event: 3.042 Executing VM operation: G1PauseCleanup done
Event: 3.051 Executing VM operation: HandshakeAllThreads
Event: 3.051 Executing VM operation: HandshakeAllThreads done
Event: 3.051 Executing VM operation: HandshakeAllThreads
Event: 3.051 Executing VM operation: HandshakeAllThreads done
Event: 3.186 Executing VM operation: HandshakeAllThreads
Event: 3.187 Executing VM operation: HandshakeAllThreads done

Events (20 events):
Event: 3.190 loading class javax/swing/Icon done
Event: 3.190 loading class java/awt/event/ActionEvent
Event: 3.190 loading class java/awt/event/ActionEvent done
Event: 3.191 loading class java/awt/Event
Event: 3.191 loading class java/awt/Event done
Event: 3.192 loading class java/awt/MenuComponent
Event: 3.192 loading class java/awt/MenuComponent done
Event: 3.192 loading class java/awt/PopupMenu
Event: 3.192 loading class java/awt/Menu
Event: 3.193 loading class java/awt/MenuItem
Event: 3.194 loading class java/awt/MenuItem done
Event: 3.194 loading class java/awt/Menu done
Event: 3.194 loading class java/awt/PopupMenu done
Event: 3.194 loading class java/awt/event/FocusEvent$Cause
Event: 3.194 loading class java/awt/event/FocusEvent$Cause done
Event: 3.194 loading class java/awt/GraphicsConfiguration
Event: 3.194 loading class java/awt/GraphicsConfiguration done
Event: 3.199 loading class java/awt/Window
Event: 3.201 loading class java/awt/Window done
Event: 3.201 loading class java/awt/PointerInfo


Dynamic libraries:
0x00007ff660450000 - 0x00007ff66045a000 	C:\Program Files\Android\Android Studio4\jbr\bin\java.exe
0x00007fffa9310000 - 0x00007fffa9527000 	C:\WINDOWS\SYSTEM32\ntdll.dll
0x00007fffa8240000 - 0x00007fffa8304000 	C:\WINDOWS\System32\KERNEL32.DLL
0x00007fffa6c80000 - 0x00007fffa7037000 	C:\WINDOWS\System32\KERNELBASE.dll
0x00007fffa6710000 - 0x00007fffa6821000 	C:\WINDOWS\System32\ucrtbase.dll
0x00007fff81bc0000 - 0x00007fff81bd7000 	C:\Program Files\Android\Android Studio4\jbr\bin\jli.dll
0x00007fff83640000 - 0x00007fff8365b000 	C:\Program Files\Android\Android Studio4\jbr\bin\VCRUNTIME140.dll
0x00007fffa8570000 - 0x00007fffa871f000 	C:\WINDOWS\System32\USER32.dll
0x00007fffa68d0000 - 0x00007fffa68f6000 	C:\WINDOWS\System32\win32u.dll
0x00007fffa8c90000 - 0x00007fffa8cb9000 	C:\WINDOWS\System32\GDI32.dll
0x00007fffa6b60000 - 0x00007fffa6c78000 	C:\WINDOWS\System32\gdi32full.dll
0x00007fff8a880000 - 0x00007fff8ab13000 	C:\WINDOWS\WinSxS\amd64_microsoft.windows.common-controls_6595b64144ccf1df_6.0.22621.3672_none_2713b9d173822955\COMCTL32.dll
0x00007fffa6830000 - 0x00007fffa68ca000 	C:\WINDOWS\System32\msvcp_win.dll
0x00007fffa8800000 - 0x00007fffa88a7000 	C:\WINDOWS\System32\msvcrt.dll
0x00007fffa8ef0000 - 0x00007fffa8f21000 	C:\WINDOWS\System32\IMM32.DLL
0x0000000072660000 - 0x000000007266c000 	C:\Program Files (x86)\360\Total Security\safemon\SafeWrapper.dll
0x00007fffa8180000 - 0x00007fffa8232000 	C:\WINDOWS\System32\ADVAPI32.dll
0x00007fffa7ff0000 - 0x00007fffa8098000 	C:\WINDOWS\System32\sechost.dll
0x00007fffa66e0000 - 0x00007fffa6708000 	C:\WINDOWS\System32\bcrypt.dll
0x00007fffa8a60000 - 0x00007fffa8b74000 	C:\WINDOWS\System32\RPCRT4.dll
0x00007fff5d080000 - 0x00007fff5d12c000 	C:\Program Files (x86)\360\Total Security\safemon\libzdtp64.dll
0x00007fffa70d0000 - 0x00007fffa7939000 	C:\WINDOWS\System32\SHELL32.dll
0x00007fffa8b80000 - 0x00007fffa8bde000 	C:\WINDOWS\System32\SHLWAPI.dll
0x00007fffa6280000 - 0x00007fffa628a000 	C:\WINDOWS\SYSTEM32\VERSION.dll
0x00007fff9d200000 - 0x00007fff9d20c000 	C:\Program Files\Android\Android Studio4\jbr\bin\vcruntime140_1.dll
0x00007fff5beb0000 - 0x00007fff5bf3d000 	C:\Program Files\Android\Android Studio4\jbr\bin\msvcp140.dll
0x00007fff5e820000 - 0x00007fff5f4a3000 	C:\Program Files\Android\Android Studio4\jbr\bin\server\jvm.dll
0x00007fffa5460000 - 0x00007fffa54ad000 	C:\WINDOWS\SYSTEM32\POWRPROF.dll
0x00007fff9d0d0000 - 0x00007fff9d104000 	C:\WINDOWS\SYSTEM32\WINMM.dll
0x00007fff9fb60000 - 0x00007fff9fb69000 	C:\WINDOWS\SYSTEM32\WSOCK32.dll
0x00007fffa84f0000 - 0x00007fffa8561000 	C:\WINDOWS\System32\WS2_32.dll
0x00007fffa5440000 - 0x00007fffa5453000 	C:\WINDOWS\SYSTEM32\UMPDC.dll
0x00007fffa56f0000 - 0x00007fffa5708000 	C:\WINDOWS\SYSTEM32\kernel.appcore.dll
0x00007fff9de70000 - 0x00007fff9de7a000 	C:\Program Files\Android\Android Studio4\jbr\bin\jimage.dll
0x00007fffa3e50000 - 0x00007fffa4082000 	C:\WINDOWS\SYSTEM32\DBGHELP.DLL
0x00007fffa8f30000 - 0x00007fffa92be000 	C:\WINDOWS\System32\combase.dll
0x00007fffa8720000 - 0x00007fffa87f7000 	C:\WINDOWS\System32\OLEAUT32.dll
0x00007fff86910000 - 0x00007fff86942000 	C:\WINDOWS\SYSTEM32\dbgcore.DLL
0x00007fffa6ae0000 - 0x00007fffa6b5b000 	C:\WINDOWS\System32\bcryptPrimitives.dll
0x00007fff82200000 - 0x00007fff8220e000 	C:\Program Files\Android\Android Studio4\jbr\bin\instrument.dll
0x00007fff87a80000 - 0x00007fff87aa5000 	C:\Program Files\Android\Android Studio4\jbr\bin\java.dll
0x00007fff9de50000 - 0x00007fff9de68000 	C:\Program Files\Android\Android Studio4\jbr\bin\zip.dll
0x00007fffa4520000 - 0x00007fffa4e1f000 	C:\WINDOWS\SYSTEM32\windows.storage.dll
0x00007fffa43e0000 - 0x00007fffa451f000 	C:\WINDOWS\SYSTEM32\wintypes.dll
0x00007fffa7a70000 - 0x00007fffa7b69000 	C:\WINDOWS\System32\SHCORE.dll
0x00007fffa6550000 - 0x00007fffa6577000 	C:\WINDOWS\SYSTEM32\profapi.dll
0x00007fff8ac00000 - 0x00007fff8ac19000 	C:\Program Files\Android\Android Studio4\jbr\bin\net.dll
0x00007fffa02e0000 - 0x00007fffa0416000 	C:\WINDOWS\SYSTEM32\WINHTTP.dll
0x00007fffa5b60000 - 0x00007fffa5bc9000 	C:\WINDOWS\system32\mswsock.dll
0x00007fff82210000 - 0x00007fff82226000 	C:\Program Files\Android\Android Studio4\jbr\bin\nio.dll
0x00007fff82470000 - 0x00007fff82480000 	C:\Program Files\Android\Android Studio4\jbr\bin\verify.dll
0x00007fff78a90000 - 0x00007fff78ab7000 	C:\Users\user\.gradle\native\c067742578af261105cb4f569cf0c3c89f3d7b1fecec35dd04571415982c5e48\windows-amd64\native-platform.dll
0x00007fff58c70000 - 0x00007fff58db4000 	C:\Users\user\.gradle\native\38dada09dfb8b06ba9b0570ebf7e218e3eb74d4ef43ca46872605cf95ebc2f47\windows-amd64\native-platform-file-events.dll
0x00007fff83680000 - 0x00007fff83689000 	C:\Program Files\Android\Android Studio4\jbr\bin\management.dll
0x00007fff82e20000 - 0x00007fff82e2b000 	C:\Program Files\Android\Android Studio4\jbr\bin\management_ext.dll
0x00007fffa7940000 - 0x00007fffa7948000 	C:\WINDOWS\System32\PSAPI.DLL
0x00007fffa5db0000 - 0x00007fffa5dcb000 	C:\WINDOWS\SYSTEM32\CRYPTSP.dll
0x00007fffa5650000 - 0x00007fffa5685000 	C:\WINDOWS\system32\rsaenh.dll
0x00007fffa5c50000 - 0x00007fffa5c78000 	C:\WINDOWS\SYSTEM32\USERENV.dll
0x00007fffa5dd0000 - 0x00007fffa5ddc000 	C:\WINDOWS\SYSTEM32\CRYPTBASE.dll
0x00007fffa5100000 - 0x00007fffa512d000 	C:\WINDOWS\SYSTEM32\IPHLPAPI.DLL
0x00007fffa8120000 - 0x00007fffa8129000 	C:\WINDOWS\System32\NSI.dll
0x00007fffa0100000 - 0x00007fffa0119000 	C:\WINDOWS\SYSTEM32\dhcpcsvc6.DLL
0x00007fffa00e0000 - 0x00007fffa00ff000 	C:\WINDOWS\SYSTEM32\dhcpcsvc.DLL
0x00007fffa5130000 - 0x00007fffa5232000 	C:\WINDOWS\SYSTEM32\DNSAPI.dll
0x00007fff86950000 - 0x00007fff86958000 	C:\WINDOWS\system32\wshunix.dll

dbghelp: loaded successfully - version: 4.0.5 - missing functions: none
symbol engine: initialized successfully - sym options: 0x614 - pdb path: .;C:\Program Files\Android\Android Studio4\jbr\bin;C:\WINDOWS\SYSTEM32;C:\WINDOWS\WinSxS\amd64_microsoft.windows.common-controls_6595b64144ccf1df_6.0.22621.3672_none_2713b9d173822955;C:\Program Files (x86)\360\Total Security\safemon;C:\Program Files\Android\Android Studio4\jbr\bin\server;C:\Users\user\.gradle\native\c067742578af261105cb4f569cf0c3c89f3d7b1fecec35dd04571415982c5e48\windows-amd64;C:\Users\user\.gradle\native\38dada09dfb8b06ba9b0570ebf7e218e3eb74d4ef43ca46872605cf95ebc2f47\windows-amd64

VM Arguments:
jvm_args: --add-opens=java.base/java.util=ALL-UNNAMED --add-opens=java.base/java.lang=ALL-UNNAMED --add-opens=java.base/java.lang.invoke=ALL-UNNAMED --add-opens=java.prefs/java.util.prefs=ALL-UNNAMED --add-opens=java.base/java.nio.charset=ALL-UNNAMED --add-opens=java.base/java.net=ALL-UNNAMED --add-opens=java.base/java.util.concurrent.atomic=ALL-UNNAMED -Xmx2048m -Dfile.encoding=UTF-8 -Duser.country=US -Duser.language=en -Duser.variant -javaagent:C:\Users\user\.gradle\wrapper\dists\gradle-8.4-bin\1w5dpkrfk8irigvoxmyhowfim\gradle-8.4\lib\agents\gradle-instrumentation-agent-8.4.jar 
java_command: org.gradle.launcher.daemon.bootstrap.GradleDaemon 8.4
java_class_path (initial): C:\Users\user\.gradle\wrapper\dists\gradle-8.4-bin\1w5dpkrfk8irigvoxmyhowfim\gradle-8.4\lib\gradle-launcher-8.4.jar
Launcher Type: SUN_STANDARD

[Global flags]
     intx CICompilerCount                          = 4                                         {product} {ergonomic}
     uint ConcGCThreads                            = 3                                         {product} {ergonomic}
     uint G1ConcRefinementThreads                  = 10                                        {product} {ergonomic}
   size_t G1HeapRegionSize                         = 1048576                                   {product} {ergonomic}
    uintx GCDrainStackTargetSize                   = 64                                        {product} {ergonomic}
   size_t InitialHeapSize                          = 130023424                                 {product} {ergonomic}
   size_t MarkStackSize                            = 4194304                                   {product} {ergonomic}
   size_t MaxHeapSize                              = 2147483648                                {product} {command line}
   size_t MaxNewSize                               = 1287651328                                {product} {ergonomic}
   size_t MinHeapDeltaBytes                        = 1048576                                   {product} {ergonomic}
   size_t MinHeapSize                              = 8388608                                   {product} {ergonomic}
    uintx NonNMethodCodeHeapSize                   = 5839372                                {pd product} {ergonomic}
    uintx NonProfiledCodeHeapSize                  = 122909434                              {pd product} {ergonomic}
    uintx ProfiledCodeHeapSize                     = 122909434                              {pd product} {ergonomic}
    uintx ReservedCodeCacheSize                    = 251658240                              {pd product} {ergonomic}
     bool SegmentedCodeCache                       = true                                      {product} {ergonomic}
   size_t SoftMaxHeapSize                          = 2147483648                             {manageable} {ergonomic}
     bool UseCompressedClassPointers               = true                           {product lp64_product} {ergonomic}
     bool UseCompressedOops                        = true                           {product lp64_product} {ergonomic}
     bool UseG1GC                                  = true                                      {product} {ergonomic}
     bool UseLargePagesIndividualAllocation        = false                                  {pd product} {ergonomic}

Logging:
Log output configuration:
 #0: stdout all=warning uptime,level,tags
 #1: stderr all=off uptime,level,tags

Environment Variables:
PATH=C:\Program Files\Common Files\Oracle\Java\javapath;C:\Program Files (x86)\Common Files\Oracle\Java\javapath;C:\WINDOWS\system32;C:\WINDOWS;C:\WINDOWS\System32\Wbem;C:\WINDOWS\System32\WindowsPowerShell\v1.0\;C:\WINDOWS\System32\OpenSSH\;C:\Program Files\Git\cmd;C:\Users\user\AppData\Local\Microsoft\WindowsApps;
USERNAME=user
OS=Windows_NT
PROCESSOR_IDENTIFIER=Intel64 Family 6 Model 186 Stepping 2, GenuineIntel
TMP=C:\Users\user\AppData\Local\Temp
TEMP=C:\Users\user\AppData\Local\Temp



Periodic native trim disabled

JNI global refs:
JNI global refs: 26, weak refs: 4

JNI global refs memory usage: 843, weak refs: 841

OOME stack traces (most recent first):
Classloader memory used:
Loader org.gradle.internal.classloader.VisitableURLClassLoader                         : 2238K
Loader bootstrap                                                                       : 2163K
Loader org.gradle.initialization.MixInLegacyTypesClassLoader                           : 440K
Loader jdk.internal.loader.ClassLoaders$PlatformClassLoader                            : 29180B
Loader jdk.internal.loader.ClassLoaders$AppClassLoader                                 : 28117B
Loader jdk.internal.reflect.DelegatingClassLoader                                      : 3966B

Classes loaded by more than one classloader:
Class org.gradle.internal.installation.GradleInstallation                             : loaded 2 times (x 73B)
Class org.gradle.internal.classpath.ClassPath                                         : loaded 2 times (x 68B)
Class org.gradle.api.internal.classpath.DefaultModuleRegistry                         : loaded 2 times (x 84B)
Class org.gradle.api.Action                                                           : loaded 2 times (x 68B)
Class org.gradle.api.internal.DefaultClassPathProvider                                : loaded 2 times (x 74B)
Class org.gradle.internal.installation.GradleInstallation$1                           : loaded 2 times (x 73B)
Class org.gradle.internal.classloader.FilteringClassLoader                            : loaded 2 times (x 103B)
Class org.gradle.internal.classpath.DefaultClassPath$ImmutableUniqueList$Builder      : loaded 2 times (x 73B)
Class org.gradle.internal.classloader.ClassLoaderVisitor                              : loaded 2 times (x 74B)
Class org.gradle.internal.service.DefaultServiceLocator                               : loaded 2 times (x 81B)
Class org.gradle.internal.service.UnknownServiceException                             : loaded 2 times (x 81B)
Class org.gradle.internal.classloader.DefaultClassLoaderFactory                       : loaded 2 times (x 80B)
Class org.gradle.internal.classloader.VisitableURLClassLoader$Spec                    : loaded 2 times (x 72B)
Class org.gradle.api.GradleException                                                  : loaded 2 times (x 80B)
Class org.gradle.api.internal.classpath.ModuleRegistry                                : loaded 2 times (x 68B)
Class org.gradle.api.internal.ClassPathProvider                                       : loaded 2 times (x 68B)
Class org.gradle.internal.classloader.ClasspathUtil$1                                 : loaded 2 times (x 74B)
Class org.gradle.internal.classloader.ClassLoaderFactory                              : loaded 2 times (x 68B)
Class org.gradle.api.internal.classpath.ManifestUtil                                  : loaded 2 times (x 69B)
Class org.gradle.api.specs.Spec                                                       : loaded 2 times (x 68B)
Class org.gradle.internal.IoActions                                                   : loaded 2 times (x 69B)
Class org.gradle.api.internal.classpath.EffectiveClassPath                            : loaded 2 times (x 88B)
Class org.gradle.internal.installation.CurrentGradleInstallation                      : loaded 2 times (x 71B)
Class org.gradle.internal.agents.InstrumentingClassLoader                             : loaded 2 times (x 68B)
Class org.gradle.internal.installation.CurrentGradleInstallationLocator               : loaded 2 times (x 69B)
Class org.gradle.api.internal.classpath.Module                                        : loaded 2 times (x 68B)
Class org.gradle.internal.service.CachingServiceLocator                               : loaded 2 times (x 80B)
Class org.gradle.internal.classpath.DefaultClassPath                                  : loaded 2 times (x 88B)
Class org.gradle.internal.classloader.SystemClassLoaderSpec                           : loaded 2 times (x 69B)
Class org.gradle.api.UncheckedIOException                                             : loaded 2 times (x 80B)
Class org.gradle.internal.classloader.ClasspathUtil                                   : loaded 2 times (x 69B)
Class org.gradle.api.internal.DefaultClassPathRegistry                                : loaded 2 times (x 74B)
Class org.gradle.api.internal.classpath.DefaultModuleRegistry$DefaultModule           : loaded 2 times (x 84B)
Class org.gradle.api.internal.classpath.UnknownModuleException                        : loaded 2 times (x 80B)
Class org.gradle.internal.service.ServiceLookupException                              : loaded 2 times (x 80B)
Class org.gradle.cache.GlobalCache                                                    : loaded 2 times (x 68B)
Class [Lorg.gradle.api.internal.ClassPathProvider;                                    : loaded 2 times (x 67B)
Class org.gradle.util.internal.GUtil                                                  : loaded 2 times (x 69B)
Class org.gradle.internal.classloader.ClassLoaderSpec                                 : loaded 2 times (x 69B)
Class org.gradle.internal.classloader.VisitableURLClassLoader                         : loaded 2 times (x 115B)
Class org.gradle.internal.Cast                                                        : loaded 2 times (x 69B)
Class org.gradle.api.internal.ClassPathRegistry                                       : loaded 2 times (x 68B)
Class org.gradle.internal.classloader.VisitableURLClassLoader$InstrumentingVisitableURLClassLoader: loaded 2 times (x 121B)
Class org.gradle.internal.classloader.ClassLoaderHierarchy                            : loaded 2 times (x 68B)
Class org.gradle.internal.InternalTransformer                                         : loaded 2 times (x 68B)
Class org.gradle.internal.service.ServiceLocator                                      : loaded 2 times (x 68B)
Class org.gradle.internal.classpath.DefaultClassPath$ImmutableUniqueList              : loaded 2 times (x 159B)
Class org.gradle.internal.classpath.TransformedClassPath                              : loaded 2 times (x 94B)


---------------  S Y S T E M  ---------------

OS:
 Windows 11 , 64 bit Build 22621 (10.0.22621.3958)
OS uptime: 0 days 22:17 hours

CPU: total 12 (initial active 12) (6 cores per cpu, 2 threads per core) family 6 model 186 stepping 2 microcode 0x4121, cx8, cmov, fxsr, ht, mmx, 3dnowpref, sse, sse2, sse3, ssse3, sse4.1, sse4.2, popcnt, lzcnt, tsc, tscinvbit, avx, avx2, aes, erms, clmul, bmi1, bmi2, adx, sha, fma, vzeroupper, clflush, clflushopt, clwb
Processor Information for processor 0
  Max Mhz: 2100, Current Mhz: 2100, Mhz Limit: 2100
Processor Information for processor 1
  Max Mhz: 2100, Current Mhz: 2100, Mhz Limit: 2100
Processor Information for processor 2
  Max Mhz: 2100, Current Mhz: 2100, Mhz Limit: 2100
Processor Information for processor 3
  Max Mhz: 2100, Current Mhz: 2100, Mhz Limit: 2100
Processor Information for processor 4
  Max Mhz: 2100, Current Mhz: 2100, Mhz Limit: 2100
Processor Information for processor 5
  Max Mhz: 2100, Current Mhz: 2100, Mhz Limit: 2100
Processor Information for processor 6
  Max Mhz: 2100, Current Mhz: 2100, Mhz Limit: 2100
Processor Information for processor 7
  Max Mhz: 2100, Current Mhz: 2100, Mhz Limit: 2100
Processor Information for processor 8
  Max Mhz: 2100, Current Mhz: 1540, Mhz Limit: 2100
Processor Information for processor 9
  Max Mhz: 2100, Current Mhz: 2100, Mhz Limit: 2100
Processor Information for processor 10
  Max Mhz: 2100, Current Mhz: 2100, Mhz Limit: 2100
Processor Information for processor 11
  Max Mhz: 2100, Current Mhz: 2100, Mhz Limit: 2100

Memory: 4k page, system-wide physical 7832M (687M free)
TotalPageFile size 7832M (AvailPageFile size 9M)
current process WorkingSet (physical memory assigned to process): 235M, peak: 236M
current process commit charge ("private bytes"): 280M, peak: 284M

vm_info: OpenJDK 64-Bit Server VM (17.0.9+0--11185874) for windows-amd64 JRE (17.0.9+0--11185874), built on Dec  6 2023 18:57:44 by "androidbuild" with MS VC++ 16.10 / 16.11 (VS2019)

END.
