#
# There is insufficient memory for the Java Runtime Environment to continue.
# Native memory allocation (malloc) failed to allocate 1812336 bytes for Chunk::new
# Possible reasons:
#   The system is out of physical RAM or swap space
#   The process is running with CompressedOops enabled, and the Java Heap may be blocking the growth of the native heap
# Possible solutions:
#   Reduce memory load on the system
#   Increase physical memory or swap space
#   Check if swap backing store is full
#   Decrease Java heap size (-Xmx/-Xms)
#   Decrease number of Java threads
#   Decrease Java thread stack sizes (-Xss)
#   Set larger code cache with -XX:ReservedCodeCacheSize=
#   JVM is running with Unscaled Compressed Oops mode in which the Java heap is
#     placed in the first 4GB address space. The Java Heap base address is the
#     maximum limit for the native heap growth. Please use -XX:HeapBaseMinAddress
#     to set the Java Heap base and to place the Java Heap above 4GB virtual address.
# This output file may be truncated or incomplete.
#
#  Out of Memory Error (arena.cpp:191), pid=2984, tid=2224
#
# JRE version: OpenJDK Runtime Environment (17.0.9) (build 17.0.9+0--11185874)
# Java VM: OpenJDK 64-Bit Server VM (17.0.9+0--11185874, mixed mode, tiered, compressed oops, compressed class ptrs, g1 gc, windows-amd64)
# No core dump will be written. Minidumps are not enabled by default on client versions of Windows
#

---------------  S U M M A R Y ------------

Command Line: --add-opens=java.base/java.util=ALL-UNNAMED --add-opens=java.base/java.lang=ALL-UNNAMED --add-opens=java.base/java.lang.invoke=ALL-UNNAMED --add-opens=java.prefs/java.util.prefs=ALL-UNNAMED --add-opens=java.base/java.nio.charset=ALL-UNNAMED --add-opens=java.base/java.net=ALL-UNNAMED --add-opens=java.base/java.util.concurrent.atomic=ALL-UNNAMED -Xmx2048m -Dfile.encoding=UTF-8 -Duser.country=US -Duser.language=en -Duser.variant -javaagent:C:\Users\user\.gradle\wrapper\dists\gradle-8.4-bin\1w5dpkrfk8irigvoxmyhowfim\gradle-8.4\lib\agents\gradle-instrumentation-agent-8.4.jar org.gradle.launcher.daemon.bootstrap.GradleDaemon 8.4

Host: 13th Gen Intel(R) Core(TM) i5-13420H, 12 cores, 7G,  Windows 11 , 64 bit Build 22621 (10.0.22621.3958)
Time: Tue Oct 22 20:23:24 2024 West Asia Standard Time elapsed time: 3.601543 seconds (0d 0h 0m 3s)

---------------  T H R E A D  ---------------

Current thread (0x0000022ef549ab50):  JavaThread "C2 CompilerThread2" daemon [_thread_in_native, id=2224, stack(0x000000836c000000,0x000000836c100000)]


Current CompileTask:
C2:   3601 3479       4       java.net.URLClassLoader$1::run (5 bytes)

Stack: [0x000000836c000000,0x000000836c100000]
Native frames: (J=compiled Java code, j=interpreted, Vv=VM code, C=native code)
V  [jvm.dll+0x6886e9]
V  [jvm.dll+0x841e4a]
V  [jvm.dll+0x843a8e]
V  [jvm.dll+0x8440f3]
V  [jvm.dll+0x24c14f]
V  [jvm.dll+0xac44c]
V  [jvm.dll+0xaca9c]
V  [jvm.dll+0x36c1a2]
V  [jvm.dll+0x33651a]
V  [jvm.dll+0x3359ba]
V  [jvm.dll+0x21ddb1]
V  [jvm.dll+0x21d1d1]
V  [jvm.dll+0x1a674d]
V  [jvm.dll+0x22d088]
V  [jvm.dll+0x22b1c0]
V  [jvm.dll+0x7f62f7]
V  [jvm.dll+0x7f06aa]
V  [jvm.dll+0x687565]
C  [ucrtbase.dll+0x29333]
C  [KERNEL32.DLL+0x1257d]
C  [ntdll.dll+0x5af08]


---------------  P R O C E S S  ---------------

Threads class SMR info:
_java_thread_list=0x0000022ef52d85f0, length=36, elements={
0x0000022ed300e800, 0x0000022eed44b020, 0x0000022eed44cb60, 0x0000022eed491e10,
0x0000022eed492c90, 0x0000022eed4939b0, 0x0000022eed48ca80, 0x0000022eed48d680,
0x0000022eed4989e0, 0x0000022eed4a13f0, 0x0000022eed5defe0, 0x0000022eed74d070,
0x0000022ef20399c0, 0x0000022ef4643010, 0x0000022ef22abb60, 0x0000022ef4445aa0,
0x0000022ef3c22e20, 0x0000022ef3c23300, 0x0000022ef3c237e0, 0x0000022ef416c970,
0x0000022ef3925d10, 0x0000022ef3926220, 0x0000022ef39248d0, 0x0000022ef3925800,
0x0000022ef39252f0, 0x0000022ef4da6fc0, 0x0000022ef4da5160, 0x0000022ef4da28e0,
0x0000022ef4da5670, 0x0000022ef4da4c50, 0x0000022ef4da74d0, 0x0000022ef4da3810,
0x0000022ef4da6ab0, 0x0000022ef4da5b80, 0x0000022ef549ab50, 0x0000022ef4da1ec0
}

Java Threads: ( => current thread )
  0x0000022ed300e800 JavaThread "main" [_thread_blocked, id=720, stack(0x0000008368c00000,0x0000008368d00000)]
  0x0000022eed44b020 JavaThread "Reference Handler" daemon [_thread_blocked, id=10080, stack(0x0000008369300000,0x0000008369400000)]
  0x0000022eed44cb60 JavaThread "Finalizer" daemon [_thread_blocked, id=13136, stack(0x0000008369400000,0x0000008369500000)]
  0x0000022eed491e10 JavaThread "Signal Dispatcher" daemon [_thread_blocked, id=15380, stack(0x0000008369500000,0x0000008369600000)]
  0x0000022eed492c90 JavaThread "Attach Listener" daemon [_thread_blocked, id=8696, stack(0x0000008369600000,0x0000008369700000)]
  0x0000022eed4939b0 JavaThread "Service Thread" daemon [_thread_blocked, id=9600, stack(0x0000008369700000,0x0000008369800000)]
  0x0000022eed48ca80 JavaThread "Monitor Deflation Thread" daemon [_thread_blocked, id=9496, stack(0x0000008369800000,0x0000008369900000)]
  0x0000022eed48d680 JavaThread "C2 CompilerThread0" daemon [_thread_in_native, id=7588, stack(0x0000008369900000,0x0000008369a00000)]
  0x0000022eed4989e0 JavaThread "C1 CompilerThread0" daemon [_thread_blocked, id=5416, stack(0x0000008369a00000,0x0000008369b00000)]
  0x0000022eed4a13f0 JavaThread "Sweeper thread" daemon [_thread_blocked, id=3728, stack(0x0000008369b00000,0x0000008369c00000)]
  0x0000022eed5defe0 JavaThread "Common-Cleaner" daemon [_thread_blocked, id=16920, stack(0x0000008369c00000,0x0000008369d00000)]
  0x0000022eed74d070 JavaThread "Notification Thread" daemon [_thread_blocked, id=2444, stack(0x0000008369d00000,0x0000008369e00000)]
  0x0000022ef20399c0 JavaThread "C2 CompilerThread1" daemon [_thread_in_native, id=14424, stack(0x0000008369f00000,0x000000836a000000)]
  0x0000022ef4643010 JavaThread "Daemon health stats" [_thread_blocked, id=4220, stack(0x000000836a500000,0x000000836a600000)]
  0x0000022ef22abb60 JavaThread "Incoming local TCP Connector on port 54595" [_thread_in_native, id=4144, stack(0x000000836a000000,0x000000836a100000)]
  0x0000022ef4445aa0 JavaThread "Daemon periodic checks" [_thread_blocked, id=1256, stack(0x000000836a600000,0x000000836a700000)]
  0x0000022ef3c22e20 JavaThread "Daemon" [_thread_blocked, id=10572, stack(0x000000836a700000,0x000000836a800000)]
  0x0000022ef3c23300 JavaThread "Handler for socket connection from /127.0.0.1:54595 to /127.0.0.1:54596" [_thread_in_native, id=7004, stack(0x000000836a800000,0x000000836a900000)]
  0x0000022ef3c237e0 JavaThread "Cancel handler" [_thread_blocked, id=9680, stack(0x000000836a900000,0x000000836aa00000)]
  0x0000022ef416c970 JavaThread "Daemon worker" [_thread_in_native, id=15956, stack(0x000000836aa00000,0x000000836ab00000)]
  0x0000022ef3925d10 JavaThread "Asynchronous log dispatcher for DefaultDaemonConnection: socket connection from /127.0.0.1:54595 to /127.0.0.1:54596" [_thread_blocked, id=5628, stack(0x000000836ab00000,0x000000836ac00000)]
  0x0000022ef3926220 JavaThread "Stdin handler" [_thread_blocked, id=1328, stack(0x000000836ac00000,0x000000836ad00000)]
  0x0000022ef39248d0 JavaThread "Daemon client event forwarder" [_thread_blocked, id=15764, stack(0x000000836ad00000,0x000000836ae00000)]
  0x0000022ef3925800 JavaThread "Cache worker for journal cache (C:\Users\user\.gradle\caches\journal-1)" [_thread_blocked, id=10740, stack(0x000000836b500000,0x000000836b600000)]
  0x0000022ef39252f0 JavaThread "File lock request listener" [_thread_in_native, id=12408, stack(0x000000836b600000,0x000000836b700000)]
  0x0000022ef4da6fc0 JavaThread "Cache worker for file hash cache (C:\Users\user\.gradle\caches\8.4\fileHashes)" [_thread_blocked, id=2872, stack(0x000000836b700000,0x000000836b800000)]
  0x0000022ef4da5160 JavaThread "File watcher server" daemon [_thread_in_native, id=7972, stack(0x000000836b900000,0x000000836ba00000)]
  0x0000022ef4da28e0 JavaThread "File watcher consumer" daemon [_thread_blocked, id=8912, stack(0x000000836ba00000,0x000000836bb00000)]
  0x0000022ef4da5670 JavaThread "Cache worker for checksums cache (D:\FlagGame\.gradle\8.4\checksums)" [_thread_blocked, id=8300, stack(0x000000836bb00000,0x000000836bc00000)]
  0x0000022ef4da4c50 JavaThread "Cache worker for file hash cache (D:\FlagGame\.gradle\8.4\fileHashes)" [_thread_blocked, id=2720, stack(0x000000836bc00000,0x000000836bd00000)]
  0x0000022ef4da74d0 JavaThread "Cache worker for cache directory md-supplier (C:\Users\user\.gradle\caches\8.4\md-supplier)" [_thread_blocked, id=9752, stack(0x000000836bd00000,0x000000836be00000)]
  0x0000022ef4da3810 JavaThread "Cache worker for file content cache (C:\Users\user\.gradle\caches\8.4\fileContent)" [_thread_blocked, id=8780, stack(0x000000836be00000,0x000000836bf00000)]
  0x0000022ef4da6ab0 JavaThread "Cache worker for cache directory md-rule (C:\Users\user\.gradle\caches\8.4\md-rule)" [_thread_blocked, id=14840, stack(0x000000836b800000,0x000000836b900000)]
  0x0000022ef4da5b80 JavaThread "Cache worker for execution history cache (C:\Users\user\.gradle\caches\8.4\executionHistory)" [_thread_blocked, id=10560, stack(0x000000836bf00000,0x000000836c000000)]
=>0x0000022ef549ab50 JavaThread "C2 CompilerThread2" daemon [_thread_in_native, id=2224, stack(0x000000836c000000,0x000000836c100000)]
  0x0000022ef4da1ec0 JavaThread "Cache worker for kotlin-dsl (C:\Users\user\.gradle\caches\8.4\kotlin-dsl)" [_thread_blocked, id=14748, stack(0x000000836c100000,0x000000836c200000)]

Other Threads:
  0x0000022eed0a9cd0 VMThread "VM Thread" [stack: 0x0000008369200000,0x0000008369300000] [id=13872]
  0x0000022ed300f330 WatcherThread [stack: 0x0000008369e00000,0x0000008369f00000] [id=11704]
  0x0000022ed3068a50 GCTaskThread "GC Thread#0" [stack: 0x0000008368d00000,0x0000008368e00000] [id=10612]
  0x0000022ef2edc870 GCTaskThread "GC Thread#1" [stack: 0x000000836a100000,0x000000836a200000] [id=10496]
  0x0000022ef27ccd50 GCTaskThread "GC Thread#2" [stack: 0x000000836a200000,0x000000836a300000] [id=11520]
  0x0000022ef2c82030 GCTaskThread "GC Thread#3" [stack: 0x000000836a300000,0x000000836a400000] [id=8176]
  0x0000022ef31e7790 GCTaskThread "GC Thread#4" [stack: 0x000000836a400000,0x000000836a500000] [id=16036]
  0x0000022ef3d2b030 GCTaskThread "GC Thread#5" [stack: 0x000000836ae00000,0x000000836af00000] [id=15344]
  0x0000022ef3d2b2f0 GCTaskThread "GC Thread#6" [stack: 0x000000836af00000,0x000000836b000000] [id=5724]
  0x0000022ef3d2b5b0 GCTaskThread "GC Thread#7" [stack: 0x000000836b000000,0x000000836b100000] [id=2768]
  0x0000022ef3a14020 GCTaskThread "GC Thread#8" [stack: 0x000000836b100000,0x000000836b200000] [id=3496]
  0x0000022ef4291bf0 GCTaskThread "GC Thread#9" [stack: 0x000000836b200000,0x000000836b300000] [id=7820]
  0x0000022ed30799a0 ConcurrentGCThread "G1 Main Marker" [stack: 0x0000008368e00000,0x0000008368f00000] [id=13528]
  0x0000022ed307a3c0 ConcurrentGCThread "G1 Conc#0" [stack: 0x0000008368f00000,0x0000008369000000] [id=13108]
  0x0000022ef42908b0 ConcurrentGCThread "G1 Conc#1" [stack: 0x000000836b300000,0x000000836b400000] [id=13524]
  0x0000022ef4290070 ConcurrentGCThread "G1 Conc#2" [stack: 0x000000836b400000,0x000000836b500000] [id=17220]
  0x0000022eecf21780 ConcurrentGCThread "G1 Refine#0" [stack: 0x0000008369000000,0x0000008369100000] [id=5964]
  0x0000022eecf221b0 ConcurrentGCThread "G1 Service" [stack: 0x0000008369100000,0x0000008369200000] [id=15120]

Threads with active compile tasks:
C2 CompilerThread0     3618 3478   !   4       java.net.URLClassLoader::findClass (47 bytes)
C2 CompilerThread1     3618 3480   !   4       java.net.URLClassLoader$1::run (81 bytes)
C2 CompilerThread2     3618 3479       4       java.net.URLClassLoader$1::run (5 bytes)

VM state: not at safepoint (normal execution)

VM Mutex/Monitor currently owned by a thread: None

Heap address: 0x0000000080000000, size: 2048 MB, Compressed Oops mode: 32-bit

CDS archive(s) not mapped
Compressed class space mapped at: 0x0000000100000000-0x0000000140000000, reserved size: 1073741824
Narrow klass base: 0x0000000000000000, Narrow klass shift: 3, Narrow klass range: 0x140000000

GC Precious Log:
 CPUs: 12 total, 12 available
 Memory: 7832M
 Large Page Support: Disabled
 NUMA Support: Disabled
 Compressed Oops: Enabled (32-bit)
 Heap Region Size: 1M
 Heap Min Capacity: 8M
 Heap Initial Capacity: 124M
 Heap Max Capacity: 2G
 Pre-touch: Disabled
 Parallel Workers: 10
 Concurrent Workers: 3
 Concurrent Refinement Workers: 10
 Periodic GC: Disabled

Heap:
 garbage-first heap   total 97280K, used 57426K [0x0000000080000000, 0x0000000100000000)
  region size 1024K, 34 young (34816K), 4 survivors (4096K)
 Metaspace       used 42063K, committed 42432K, reserved 1114112K
  class space    used 5594K, committed 5760K, reserved 1048576K

Heap Regions: E=young(eden), S=young(survivor), O=old, HS=humongous(starts), HC=humongous(continues), CS=collection set, F=free, OA=open archive, CA=closed archive, TAMS=top-at-mark-start (previous, next)
|   0|0x0000000080000000, 0x0000000080100000, 0x0000000080100000|100%|HS|  |TAMS 0x0000000080100000, 0x0000000080000000| Complete 
|   1|0x0000000080100000, 0x0000000080200000, 0x0000000080200000|100%|HC|  |TAMS 0x0000000080200000, 0x0000000080100000| Complete 
|   2|0x0000000080200000, 0x0000000080300000, 0x0000000080300000|100%|HC|  |TAMS 0x0000000080300000, 0x0000000080200000| Complete 
|   3|0x0000000080300000, 0x0000000080400000, 0x0000000080400000|100%|HC|  |TAMS 0x0000000080400000, 0x0000000080300000| Complete 
|   4|0x0000000080400000, 0x0000000080500000, 0x0000000080500000|100%| O|  |TAMS 0x0000000080500000, 0x0000000080400000| Untracked 
|   5|0x0000000080500000, 0x0000000080600000, 0x0000000080600000|100%| O|  |TAMS 0x0000000080600000, 0x0000000080500000| Untracked 
|   6|0x0000000080600000, 0x0000000080700000, 0x0000000080700000|100%| O|  |TAMS 0x0000000080700000, 0x0000000080600000| Untracked 
|   7|0x0000000080700000, 0x0000000080800000, 0x0000000080800000|100%| O|  |TAMS 0x0000000080800000, 0x0000000080700000| Untracked 
|   8|0x0000000080800000, 0x0000000080900000, 0x0000000080900000|100%| O|  |TAMS 0x0000000080900000, 0x0000000080800000| Untracked 
|   9|0x0000000080900000, 0x0000000080a00000, 0x0000000080a00000|100%| O|  |TAMS 0x0000000080a00000, 0x0000000080900000| Untracked 
|  10|0x0000000080a00000, 0x0000000080b00000, 0x0000000080b00000|100%| O|  |TAMS 0x0000000080b00000, 0x0000000080a00000| Untracked 
|  11|0x0000000080b00000, 0x0000000080b9e600, 0x0000000080c00000| 61%| O|  |TAMS 0x0000000080b9e600, 0x0000000080b00000| Untracked 
|  12|0x0000000080c00000, 0x0000000080d00000, 0x0000000080d00000|100%| O|  |TAMS 0x0000000080d00000, 0x0000000080c00000| Untracked 
|  13|0x0000000080d00000, 0x0000000080e00000, 0x0000000080e00000|100%| O|  |TAMS 0x0000000080e00000, 0x0000000080d00000| Untracked 
|  14|0x0000000080e00000, 0x0000000080f00000, 0x0000000080f00000|100%| O|  |TAMS 0x0000000080f00000, 0x0000000080e00000| Untracked 
|  15|0x0000000080f00000, 0x0000000081000000, 0x0000000081000000|100%| O|  |TAMS 0x0000000081000000, 0x0000000080f00000| Untracked 
|  16|0x0000000081000000, 0x0000000081100000, 0x0000000081100000|100%| O|  |TAMS 0x0000000081100000, 0x0000000081000000| Untracked 
|  17|0x0000000081100000, 0x0000000081200000, 0x0000000081200000|100%| O|  |TAMS 0x0000000081200000, 0x0000000081100000| Untracked 
|  18|0x0000000081200000, 0x0000000081300000, 0x0000000081300000|100%| O|  |TAMS 0x0000000081300000, 0x0000000081200000| Untracked 
|  19|0x0000000081300000, 0x0000000081400000, 0x0000000081400000|100%| O|  |TAMS 0x0000000081400000, 0x0000000081300000| Untracked 
|  20|0x0000000081400000, 0x0000000081500000, 0x0000000081500000|100%| O|  |TAMS 0x0000000081487e00, 0x0000000081400000| Untracked 
|  21|0x0000000081500000, 0x0000000081600000, 0x0000000081600000|100%| O|  |TAMS 0x0000000081500000, 0x0000000081500000| Untracked 
|  22|0x0000000081600000, 0x0000000081700000, 0x0000000081700000|100%| O|  |TAMS 0x0000000081600000, 0x0000000081600000| Untracked 
|  23|0x0000000081700000, 0x0000000081776200, 0x0000000081800000| 46%| O|  |TAMS 0x0000000081700000, 0x0000000081700000| Untracked 
|  24|0x0000000081800000, 0x0000000081800000, 0x0000000081900000|  0%| F|  |TAMS 0x0000000081800000, 0x0000000081800000| Untracked 
|  25|0x0000000081900000, 0x0000000081900000, 0x0000000081a00000|  0%| F|  |TAMS 0x0000000081900000, 0x0000000081900000| Untracked 
|  26|0x0000000081a00000, 0x0000000081a00000, 0x0000000081b00000|  0%| F|  |TAMS 0x0000000081a00000, 0x0000000081a00000| Untracked 
|  27|0x0000000081b00000, 0x0000000081b00000, 0x0000000081c00000|  0%| F|  |TAMS 0x0000000081b00000, 0x0000000081b00000| Untracked 
|  28|0x0000000081c00000, 0x0000000081c00000, 0x0000000081d00000|  0%| F|  |TAMS 0x0000000081c00000, 0x0000000081c00000| Untracked 
|  29|0x0000000081d00000, 0x0000000081d00000, 0x0000000081e00000|  0%| F|  |TAMS 0x0000000081d00000, 0x0000000081d00000| Untracked 
|  30|0x0000000081e00000, 0x0000000081e00000, 0x0000000081f00000|  0%| F|  |TAMS 0x0000000081e00000, 0x0000000081e00000| Untracked 
|  31|0x0000000081f00000, 0x0000000081f00000, 0x0000000082000000|  0%| F|  |TAMS 0x0000000081f00000, 0x0000000081f00000| Untracked 
|  32|0x0000000082000000, 0x0000000082000000, 0x0000000082100000|  0%| F|  |TAMS 0x0000000082000000, 0x0000000082000000| Untracked 
|  33|0x0000000082100000, 0x0000000082100000, 0x0000000082200000|  0%| F|  |TAMS 0x0000000082100000, 0x0000000082100000| Untracked 
|  34|0x0000000082200000, 0x0000000082300000, 0x0000000082300000|100%| S|CS|TAMS 0x0000000082200000, 0x0000000082200000| Complete 
|  35|0x0000000082300000, 0x0000000082400000, 0x0000000082400000|100%| S|CS|TAMS 0x0000000082300000, 0x0000000082300000| Complete 
|  36|0x0000000082400000, 0x0000000082500000, 0x0000000082500000|100%| S|CS|TAMS 0x0000000082400000, 0x0000000082400000| Complete 
|  37|0x0000000082500000, 0x0000000082600000, 0x0000000082600000|100%| S|CS|TAMS 0x0000000082500000, 0x0000000082500000| Complete 
|  38|0x0000000082600000, 0x0000000082600000, 0x0000000082700000|  0%| F|  |TAMS 0x0000000082600000, 0x0000000082600000| Untracked 
|  39|0x0000000082700000, 0x0000000082700000, 0x0000000082800000|  0%| F|  |TAMS 0x0000000082700000, 0x0000000082700000| Untracked 
|  40|0x0000000082800000, 0x0000000082800000, 0x0000000082900000|  0%| F|  |TAMS 0x0000000082800000, 0x0000000082800000| Untracked 
|  41|0x0000000082900000, 0x0000000082900000, 0x0000000082a00000|  0%| F|  |TAMS 0x0000000082900000, 0x0000000082900000| Untracked 
|  42|0x0000000082a00000, 0x0000000082a00000, 0x0000000082b00000|  0%| F|  |TAMS 0x0000000082a00000, 0x0000000082a00000| Untracked 
|  43|0x0000000082b00000, 0x0000000082b00000, 0x0000000082c00000|  0%| F|  |TAMS 0x0000000082b00000, 0x0000000082b00000| Untracked 
|  44|0x0000000082c00000, 0x0000000082c00000, 0x0000000082d00000|  0%| F|  |TAMS 0x0000000082c00000, 0x0000000082c00000| Untracked 
|  45|0x0000000082d00000, 0x0000000082d00000, 0x0000000082e00000|  0%| F|  |TAMS 0x0000000082d00000, 0x0000000082d00000| Untracked 
|  46|0x0000000082e00000, 0x0000000082e00000, 0x0000000082f00000|  0%| F|  |TAMS 0x0000000082e00000, 0x0000000082e00000| Untracked 
|  47|0x0000000082f00000, 0x0000000082f00000, 0x0000000083000000|  0%| F|  |TAMS 0x0000000082f00000, 0x0000000082f00000| Untracked 
|  48|0x0000000083000000, 0x0000000083000000, 0x0000000083100000|  0%| F|  |TAMS 0x0000000083000000, 0x0000000083000000| Untracked 
|  49|0x0000000083100000, 0x0000000083100000, 0x0000000083200000|  0%| F|  |TAMS 0x0000000083100000, 0x0000000083100000| Untracked 
|  50|0x0000000083200000, 0x0000000083200000, 0x0000000083300000|  0%| F|  |TAMS 0x0000000083200000, 0x0000000083200000| Untracked 
|  51|0x0000000083300000, 0x0000000083300000, 0x0000000083400000|  0%| F|  |TAMS 0x0000000083300000, 0x0000000083300000| Untracked 
|  52|0x0000000083400000, 0x0000000083400000, 0x0000000083500000|  0%| F|  |TAMS 0x0000000083400000, 0x0000000083400000| Untracked 
|  53|0x0000000083500000, 0x0000000083500000, 0x0000000083600000|  0%| F|  |TAMS 0x0000000083500000, 0x0000000083500000| Untracked 
|  54|0x0000000083600000, 0x0000000083600000, 0x0000000083700000|  0%| F|  |TAMS 0x0000000083600000, 0x0000000083600000| Untracked 
|  55|0x0000000083700000, 0x0000000083700000, 0x0000000083800000|  0%| F|  |TAMS 0x0000000083700000, 0x0000000083700000| Untracked 
|  56|0x0000000083800000, 0x0000000083800000, 0x0000000083900000|  0%| F|  |TAMS 0x0000000083800000, 0x0000000083800000| Untracked 
|  57|0x0000000083900000, 0x0000000083900000, 0x0000000083a00000|  0%| F|  |TAMS 0x0000000083900000, 0x0000000083900000| Untracked 
|  58|0x0000000083a00000, 0x0000000083a00000, 0x0000000083b00000|  0%| F|  |TAMS 0x0000000083a00000, 0x0000000083a00000| Untracked 
|  59|0x0000000083b00000, 0x0000000083b00000, 0x0000000083c00000|  0%| F|  |TAMS 0x0000000083b00000, 0x0000000083b00000| Untracked 
|  60|0x0000000083c00000, 0x0000000083c00000, 0x0000000083d00000|  0%| F|  |TAMS 0x0000000083c00000, 0x0000000083c00000| Untracked 
|  61|0x0000000083d00000, 0x0000000083d00000, 0x0000000083e00000|  0%| F|  |TAMS 0x0000000083d00000, 0x0000000083d00000| Untracked 
|  62|0x0000000083e00000, 0x0000000083e00000, 0x0000000083f00000|  0%| F|  |TAMS 0x0000000083e00000, 0x0000000083e00000| Untracked 
|  63|0x0000000083f00000, 0x0000000083f00000, 0x0000000084000000|  0%| F|  |TAMS 0x0000000083f00000, 0x0000000083f00000| Untracked 
|  64|0x0000000084000000, 0x0000000084000000, 0x0000000084100000|  0%| F|  |TAMS 0x0000000084000000, 0x0000000084000000| Untracked 
|  65|0x0000000084100000, 0x000000008417fc10, 0x0000000084200000| 49%| E|  |TAMS 0x0000000084100000, 0x0000000084100000| Complete 
|  66|0x0000000084200000, 0x0000000084300000, 0x0000000084300000|100%| E|CS|TAMS 0x0000000084200000, 0x0000000084200000| Complete 
|  67|0x0000000084300000, 0x0000000084400000, 0x0000000084400000|100%| E|CS|TAMS 0x0000000084300000, 0x0000000084300000| Complete 
|  68|0x0000000084400000, 0x0000000084500000, 0x0000000084500000|100%| E|CS|TAMS 0x0000000084400000, 0x0000000084400000| Complete 
|  69|0x0000000084500000, 0x0000000084600000, 0x0000000084600000|100%| E|CS|TAMS 0x0000000084500000, 0x0000000084500000| Complete 
|  70|0x0000000084600000, 0x0000000084700000, 0x0000000084700000|100%| E|CS|TAMS 0x0000000084600000, 0x0000000084600000| Complete 
|  71|0x0000000084700000, 0x0000000084800000, 0x0000000084800000|100%| E|CS|TAMS 0x0000000084700000, 0x0000000084700000| Complete 
|  72|0x0000000084800000, 0x0000000084900000, 0x0000000084900000|100%| E|CS|TAMS 0x0000000084800000, 0x0000000084800000| Complete 
|  73|0x0000000084900000, 0x0000000084a00000, 0x0000000084a00000|100%| E|CS|TAMS 0x0000000084900000, 0x0000000084900000| Complete 
|  74|0x0000000084a00000, 0x0000000084b00000, 0x0000000084b00000|100%| E|CS|TAMS 0x0000000084a00000, 0x0000000084a00000| Complete 
|  75|0x0000000084b00000, 0x0000000084c00000, 0x0000000084c00000|100%| E|CS|TAMS 0x0000000084b00000, 0x0000000084b00000| Complete 
|  76|0x0000000084c00000, 0x0000000084d00000, 0x0000000084d00000|100%| E|CS|TAMS 0x0000000084c00000, 0x0000000084c00000| Complete 
|  77|0x0000000084d00000, 0x0000000084e00000, 0x0000000084e00000|100%| E|CS|TAMS 0x0000000084d00000, 0x0000000084d00000| Complete 
|  78|0x0000000084e00000, 0x0000000084f00000, 0x0000000084f00000|100%| E|CS|TAMS 0x0000000084e00000, 0x0000000084e00000| Complete 
|  79|0x0000000084f00000, 0x0000000085000000, 0x0000000085000000|100%| E|CS|TAMS 0x0000000084f00000, 0x0000000084f00000| Complete 
|  80|0x0000000085000000, 0x0000000085100000, 0x0000000085100000|100%| E|CS|TAMS 0x0000000085000000, 0x0000000085000000| Complete 
|  81|0x0000000085100000, 0x0000000085200000, 0x0000000085200000|100%| E|CS|TAMS 0x0000000085100000, 0x0000000085100000| Complete 
|  82|0x0000000085200000, 0x0000000085300000, 0x0000000085300000|100%| E|CS|TAMS 0x0000000085200000, 0x0000000085200000| Complete 
|  83|0x0000000085300000, 0x0000000085400000, 0x0000000085400000|100%| E|CS|TAMS 0x0000000085300000, 0x0000000085300000| Complete 
|  84|0x0000000085400000, 0x0000000085500000, 0x0000000085500000|100%| E|CS|TAMS 0x0000000085400000, 0x0000000085400000| Complete 
|  85|0x0000000085500000, 0x0000000085600000, 0x0000000085600000|100%| E|CS|TAMS 0x0000000085500000, 0x0000000085500000| Complete 
|  86|0x0000000085600000, 0x0000000085700000, 0x0000000085700000|100%| E|CS|TAMS 0x0000000085600000, 0x0000000085600000| Complete 
|  87|0x0000000085700000, 0x0000000085800000, 0x0000000085800000|100%| E|CS|TAMS 0x0000000085700000, 0x0000000085700000| Complete 
|  88|0x0000000085800000, 0x0000000085900000, 0x0000000085900000|100%| E|CS|TAMS 0x0000000085800000, 0x0000000085800000| Complete 
|  89|0x0000000085900000, 0x0000000085a00000, 0x0000000085a00000|100%| E|CS|TAMS 0x0000000085900000, 0x0000000085900000| Complete 
|  90|0x0000000085a00000, 0x0000000085b00000, 0x0000000085b00000|100%| E|CS|TAMS 0x0000000085a00000, 0x0000000085a00000| Complete 
|  91|0x0000000085b00000, 0x0000000085c00000, 0x0000000085c00000|100%| E|CS|TAMS 0x0000000085b00000, 0x0000000085b00000| Complete 
|  92|0x0000000085c00000, 0x0000000085d00000, 0x0000000085d00000|100%| E|CS|TAMS 0x0000000085c00000, 0x0000000085c00000| Complete 
|  93|0x0000000085d00000, 0x0000000085e00000, 0x0000000085e00000|100%| E|CS|TAMS 0x0000000085d00000, 0x0000000085d00000| Complete 
| 123|0x0000000087b00000, 0x0000000087c00000, 0x0000000087c00000|100%| E|CS|TAMS 0x0000000087b00000, 0x0000000087b00000| Complete 

Card table byte_map: [0x0000022ee5e20000,0x0000022ee6220000] _byte_map_base: 0x0000022ee5a20000

Marking Bits (Prev, Next): (CMBitMap*) 0x0000022ed3069070, (CMBitMap*) 0x0000022ed30690b0
 Prev Bits: [0x0000022ee6620000, 0x0000022ee8620000)
 Next Bits: [0x0000022ee8620000, 0x0000022eea620000)

Polling page: 0x0000022ed2700000

Metaspace:

Usage:
  Non-class:     35.61 MB used.
      Class:      5.46 MB used.
       Both:     41.08 MB used.

Virtual space:
  Non-class space:       64.00 MB reserved,      35.81 MB ( 56%) committed,  1 nodes.
      Class space:        1.00 GB reserved,       5.62 MB ( <1%) committed,  1 nodes.
             Both:        1.06 GB reserved,      41.44 MB (  4%) committed. 

Chunk freelists:
   Non-Class:  11.39 MB
       Class:  10.39 MB
        Both:  21.78 MB

MaxMetaspaceSize: unlimited
CompressedClassSpaceSize: 1.00 GB
Initial GC threshold: 21.00 MB
Current GC threshold: 58.88 MB
CDS: off
MetaspaceReclaimPolicy: balanced
 - commit_granule_bytes: 65536.
 - commit_granule_words: 8192.
 - virtual_space_node_default_size: 8388608.
 - enlarge_chunks_in_place: 1.
 - new_chunks_are_fully_committed: 0.
 - uncommit_free_chunks: 1.
 - use_allocation_guard: 0.
 - handle_deallocations: 1.


Internal statistics:

num_allocs_failed_limit: 6.
num_arena_births: 424.
num_arena_deaths: 0.
num_vsnodes_births: 2.
num_vsnodes_deaths: 0.
num_space_committed: 663.
num_space_uncommitted: 0.
num_chunks_returned_to_freelist: 6.
num_chunks_taken_from_freelist: 1588.
num_chunk_merges: 6.
num_chunk_splits: 1081.
num_chunks_enlarged: 768.
num_inconsistent_stats: 0.

CodeHeap 'non-profiled nmethods': size=120000Kb used=1986Kb max_used=1986Kb free=118013Kb
 bounds [0x0000022eddf90000, 0x0000022ede200000, 0x0000022ee54c0000]
CodeHeap 'profiled nmethods': size=120000Kb used=7206Kb max_used=7206Kb free=112793Kb
 bounds [0x0000022ed64c0000, 0x0000022ed6bd0000, 0x0000022edd9f0000]
CodeHeap 'non-nmethods': size=5760Kb used=1591Kb max_used=1656Kb free=4168Kb
 bounds [0x0000022edd9f0000, 0x0000022eddc60000, 0x0000022eddf90000]
 total_blobs=4252 nmethods=3595 adapters=569
 compilation: enabled
              stopped_count=0, restarted_count=0
 full_count=0

Compilation events (20 events):
Event: 3.582 Thread 0x0000022eed4989e0 3585       3       org.gradle.internal.instantiation.generator.AbstractClassGenerator::access$2300 (5 bytes)
Event: 3.582 Thread 0x0000022eed4989e0 nmethod 3585 0x0000022ed6bb7190 code [0x0000022ed6bb7320, 0x0000022ed6bb7428]
Event: 3.582 Thread 0x0000022eed4989e0 3586       3       org.gradle.internal.instantiation.generator.AbstractClassGenerator::isNameProperty (44 bytes)
Event: 3.583 Thread 0x0000022eed4989e0 nmethod 3586 0x0000022ed6bb7510 code [0x0000022ed6bb7780, 0x0000022ed6bb83d8]
Event: 3.583 Thread 0x0000022eed4989e0 3597       3       java.util.HashMap::prepareArray (38 bytes)
Event: 3.584 Thread 0x0000022eed4989e0 nmethod 3597 0x0000022ed6bb8790 code [0x0000022ed6bb8980, 0x0000022ed6bb8f58]
Event: 3.584 Thread 0x0000022eed4989e0 3598       3       java.util.HashSet::toArray (16 bytes)
Event: 3.584 Thread 0x0000022eed4989e0 nmethod 3598 0x0000022ed6bb9110 code [0x0000022ed6bb92c0, 0x0000022ed6bb94d8]
Event: 3.584 Thread 0x0000022eed4989e0 3599       3       org.gradle.internal.classpath.DefaultClassPath::plus (57 bytes)
Event: 3.585 Thread 0x0000022eed4989e0 nmethod 3599 0x0000022ed6bb9590 code [0x0000022ed6bb9880, 0x0000022ed6bbab58]
Event: 3.585 Thread 0x0000022eed4989e0 3600       3       org.gradle.internal.classpath.DefaultClassPath$ImmutableUniqueList::<init> (16 bytes)
Event: 3.585 Thread 0x0000022eed4989e0 nmethod 3600 0x0000022ed6bbb010 code [0x0000022ed6bbb1e0, 0x0000022ed6bbb6a8]
Event: 3.585 Thread 0x0000022eed4989e0 3601       3       org.gradle.internal.classpath.DefaultClassPath::concat (33 bytes)
Event: 3.586 Thread 0x0000022eed4989e0 nmethod 3601 0x0000022ed6bbb890 code [0x0000022ed6bbbae0, 0x0000022ed6bbc408]
Event: 3.586 Thread 0x0000022eed4989e0 3587       3       org.gradle.internal.instantiation.generator.AbstractClassGenerator$MethodMetadata::shouldOverride (29 bytes)
Event: 3.586 Thread 0x0000022eed4989e0 nmethod 3587 0x0000022ed6bbc710 code [0x0000022ed6bbc8c0, 0x0000022ed6bbcc18]
Event: 3.587 Thread 0x0000022eed4989e0 3603       3       jdk.internal.loader.URLClassPath$JarLoader::findResource (18 bytes)
Event: 3.587 Thread 0x0000022eed4989e0 nmethod 3603 0x0000022ed6bbcd10 code [0x0000022ed6bbcec0, 0x0000022ed6bbd118]
Event: 3.592 Thread 0x0000022eed4989e0 3604       3       org.gradle.api.internal.classpath.DefaultModuleRegistry::findJar (192 bytes)
Event: 3.594 Thread 0x0000022eed4989e0 nmethod 3604 0x0000022ed6bbd210 code [0x0000022ed6bbd5a0, 0x0000022ed6bbe9a8]

GC Heap History (16 events):
Event: 0.463 GC heap before
{Heap before GC invocations=0 (full 0):
 garbage-first heap   total 126976K, used 26624K [0x0000000080000000, 0x0000000100000000)
  region size 1024K, 23 young (23552K), 0 survivors (0K)
 Metaspace       used 10507K, committed 10624K, reserved 1114112K
  class space    used 1092K, committed 1152K, reserved 1048576K
}
Event: 0.467 GC heap after
{Heap after GC invocations=1 (full 0):
 garbage-first heap   total 126976K, used 10840K [0x0000000080000000, 0x0000000100000000)
  region size 1024K, 3 young (3072K), 3 survivors (3072K)
 Metaspace       used 10507K, committed 10624K, reserved 1114112K
  class space    used 1092K, committed 1152K, reserved 1048576K
}
Event: 0.694 GC heap before
{Heap before GC invocations=1 (full 0):
 garbage-first heap   total 126976K, used 39512K [0x0000000080000000, 0x0000000100000000)
  region size 1024K, 31 young (31744K), 3 survivors (3072K)
 Metaspace       used 11465K, committed 11648K, reserved 1114112K
  class space    used 1199K, committed 1280K, reserved 1048576K
}
Event: 0.698 GC heap after
{Heap after GC invocations=2 (full 0):
 garbage-first heap   total 126976K, used 12479K [0x0000000080000000, 0x0000000100000000)
  region size 1024K, 2 young (2048K), 2 survivors (2048K)
 Metaspace       used 11465K, committed 11648K, reserved 1114112K
  class space    used 1199K, committed 1280K, reserved 1048576K
}
Event: 1.589 GC heap before
{Heap before GC invocations=2 (full 0):
 garbage-first heap   total 126976K, used 56511K [0x0000000080000000, 0x0000000100000000)
  region size 1024K, 46 young (47104K), 2 survivors (2048K)
 Metaspace       used 21341K, committed 21504K, reserved 1114112K
  class space    used 2528K, committed 2624K, reserved 1048576K
}
Event: 1.597 GC heap after
{Heap after GC invocations=3 (full 0):
 garbage-first heap   total 126976K, used 19051K [0x0000000080000000, 0x0000000100000000)
  region size 1024K, 8 young (8192K), 8 survivors (8192K)
 Metaspace       used 21341K, committed 21504K, reserved 1114112K
  class space    used 2528K, committed 2624K, reserved 1048576K
}
Event: 2.099 GC heap before
{Heap before GC invocations=4 (full 0):
 garbage-first heap   total 68608K, used 51819K [0x0000000080000000, 0x0000000100000000)
  region size 1024K, 40 young (40960K), 8 survivors (8192K)
 Metaspace       used 26447K, committed 26688K, reserved 1114112K
  class space    used 3406K, committed 3520K, reserved 1048576K
}
Event: 2.104 GC heap after
{Heap after GC invocations=5 (full 0):
 garbage-first heap   total 68608K, used 21015K [0x0000000080000000, 0x0000000100000000)
  region size 1024K, 3 young (3072K), 3 survivors (3072K)
 Metaspace       used 26447K, committed 26688K, reserved 1114112K
  class space    used 3406K, committed 3520K, reserved 1048576K
}
Event: 2.428 GC heap before
{Heap before GC invocations=5 (full 0):
 garbage-first heap   total 68608K, used 47639K [0x0000000080000000, 0x0000000100000000)
  region size 1024K, 29 young (29696K), 3 survivors (3072K)
 Metaspace       used 30061K, committed 30400K, reserved 1114112K
  class space    used 4014K, committed 4160K, reserved 1048576K
}
Event: 2.431 GC heap after
{Heap after GC invocations=6 (full 0):
 garbage-first heap   total 68608K, used 22186K [0x0000000080000000, 0x0000000100000000)
  region size 1024K, 4 young (4096K), 4 survivors (4096K)
 Metaspace       used 30061K, committed 30400K, reserved 1114112K
  class space    used 4014K, committed 4160K, reserved 1048576K
}
Event: 2.728 GC heap before
{Heap before GC invocations=6 (full 0):
 garbage-first heap   total 68608K, used 49834K [0x0000000080000000, 0x0000000100000000)
  region size 1024K, 31 young (31744K), 4 survivors (4096K)
 Metaspace       used 33419K, committed 33728K, reserved 1114112K
  class space    used 4544K, committed 4672K, reserved 1048576K
}
Event: 2.732 GC heap after
{Heap after GC invocations=7 (full 0):
 garbage-first heap   total 68608K, used 23493K [0x0000000080000000, 0x0000000100000000)
  region size 1024K, 3 young (3072K), 3 survivors (3072K)
 Metaspace       used 33419K, committed 33728K, reserved 1114112K
  class space    used 4544K, committed 4672K, reserved 1048576K
}
Event: 2.988 GC heap before
{Heap before GC invocations=7 (full 0):
 garbage-first heap   total 68608K, used 35781K [0x0000000080000000, 0x0000000100000000)
  region size 1024K, 17 young (17408K), 3 survivors (3072K)
 Metaspace       used 35773K, committed 36096K, reserved 1114112K
  class space    used 4880K, committed 5056K, reserved 1048576K
}
Event: 2.992 GC heap after
{Heap after GC invocations=8 (full 0):
 garbage-first heap   total 68608K, used 24195K [0x0000000080000000, 0x0000000100000000)
  region size 1024K, 2 young (2048K), 2 survivors (2048K)
 Metaspace       used 35773K, committed 36096K, reserved 1114112K
  class space    used 4880K, committed 5056K, reserved 1048576K
}
Event: 3.432 GC heap before
{Heap before GC invocations=9 (full 0):
 garbage-first heap   total 68608K, used 50819K [0x0000000080000000, 0x0000000100000000)
  region size 1024K, 29 young (29696K), 2 survivors (2048K)
 Metaspace       used 40850K, committed 41216K, reserved 1114112K
  class space    used 5418K, committed 5568K, reserved 1048576K
}
Event: 3.436 GC heap after
{Heap after GC invocations=10 (full 0):
 garbage-first heap   total 97280K, used 27730K [0x0000000080000000, 0x0000000100000000)
  region size 1024K, 4 young (4096K), 4 survivors (4096K)
 Metaspace       used 40850K, committed 41216K, reserved 1114112K
  class space    used 5418K, committed 5568K, reserved 1048576K
}

Dll operation events (3 events):
Event: 0.008 Loaded shared library C:\Program Files\Android\Android Studio4\jbr\bin\java.dll
Event: 0.120 Loaded shared library C:\Program Files\Android\Android Studio4\jbr\bin\zip.dll
Event: 0.289 Loaded shared library C:\Program Files\Android\Android Studio4\jbr\bin\verify.dll

Deoptimization events (20 events):
Event: 3.394 Thread 0x0000022ef416c970 Uncommon trap: trap_request=0xffffffc6 fr.pc=0x0000022ede14c2a8 relative=0x00000000000002c8
Event: 3.394 Thread 0x0000022ef416c970 Uncommon trap: reason=bimorphic_or_optimized_type_check action=maybe_recompile pc=0x0000022ede14c2a8 method=java.util.stream.MatchOps$1MatchSink.accept(Ljava/lang/Object;)V @ 12 c2
Event: 3.394 Thread 0x0000022ef416c970 DEOPT PACKING pc=0x0000022ede14c2a8 sp=0x000000836aaf86c0
Event: 3.394 Thread 0x0000022ef416c970 DEOPT UNPACKING pc=0x0000022edda469a3 sp=0x000000836aaf8668 mode 2
Event: 3.399 Thread 0x0000022ef416c970 Uncommon trap: trap_request=0xffffff45 fr.pc=0x0000022ede088380 relative=0x00000000000000e0
Event: 3.399 Thread 0x0000022ef416c970 Uncommon trap: reason=unstable_if action=reinterpret pc=0x0000022ede088380 method=java.lang.ClassLoader.getClassLoadingLock(Ljava/lang/String;)Ljava/lang/Object; @ 6 c2
Event: 3.400 Thread 0x0000022ef416c970 DEOPT PACKING pc=0x0000022ede088380 sp=0x000000836aaf8d00
Event: 3.400 Thread 0x0000022ef416c970 DEOPT UNPACKING pc=0x0000022edda469a3 sp=0x000000836aaf8ca0 mode 2
Event: 3.467 Thread 0x0000022ef416c970 Uncommon trap: trap_request=0xffffffbe fr.pc=0x0000022ede07059c relative=0x000000000000051c
Event: 3.467 Thread 0x0000022ef416c970 Uncommon trap: reason=profile_predicate action=maybe_recompile pc=0x0000022ede07059c method=java.util.AbstractCollection.addAll(Ljava/util/Collection;)Z @ 15 c2
Event: 3.467 Thread 0x0000022ef416c970 DEOPT PACKING pc=0x0000022ede07059c sp=0x000000836aafa2c0
Event: 3.467 Thread 0x0000022ef416c970 DEOPT UNPACKING pc=0x0000022edda469a3 sp=0x000000836aafa268 mode 2
Event: 3.526 Thread 0x0000022ef416c970 Uncommon trap: trap_request=0xffffff45 fr.pc=0x0000022ede0a9d38 relative=0x0000000000007158
Event: 3.526 Thread 0x0000022ef416c970 Uncommon trap: reason=unstable_if action=reinterpret pc=0x0000022ede0a9d38 method=jdk.internal.org.objectweb.asm.Frame.execute(IILjdk/internal/org/objectweb/asm/Symbol;Ljdk/internal/org/objectweb/asm/SymbolTable;)V @ 1 c2
Event: 3.526 Thread 0x0000022ef416c970 DEOPT PACKING pc=0x0000022ede0a9d38 sp=0x000000836aaf99d0
Event: 3.526 Thread 0x0000022ef416c970 DEOPT UNPACKING pc=0x0000022edda469a3 sp=0x000000836aaf9988 mode 2
Event: 3.578 Thread 0x0000022ef416c970 Uncommon trap: trap_request=0xffffffbe fr.pc=0x0000022ede07059c relative=0x000000000000051c
Event: 3.578 Thread 0x0000022ef416c970 Uncommon trap: reason=profile_predicate action=maybe_recompile pc=0x0000022ede07059c method=java.util.AbstractCollection.addAll(Ljava/util/Collection;)Z @ 15 c2
Event: 3.578 Thread 0x0000022ef416c970 DEOPT PACKING pc=0x0000022ede07059c sp=0x000000836aaf9220
Event: 3.578 Thread 0x0000022ef416c970 DEOPT UNPACKING pc=0x0000022edda469a3 sp=0x000000836aaf91c8 mode 2

Classes unloaded (0 events):
No events

Classes redefined (0 events):
No events

Internal exceptions (20 events):
Event: 3.466 Thread 0x0000022ef416c970 Exception <a 'java/lang/ClassNotFoundException'{0x000000008558bda8}: groovy/lang/GroovyObjectSupportCustomizer> (0x000000008558bda8) 
thrown [s\src\hotspot\share\classfile\systemDictionary.cpp, line 256]
Event: 3.467 Thread 0x0000022ef416c970 Exception <a 'java/lang/ClassNotFoundException'{0x00000000855a53c8}: org/gradle/internal/extensibility/DefaultExtraPropertiesExtensionCustomizer> (0x00000000855a53c8) 
thrown [s\src\hotspot\share\classfile\systemDictionary.cpp, line 256]
Event: 3.475 Thread 0x0000022ef416c970 Exception <a 'sun/nio/fs/WindowsException'{0x00000000855ec3e0}> (0x00000000855ec3e0) 
thrown [s\src\hotspot\share\prims\jni.cpp, line 517]
Event: 3.476 Thread 0x0000022ef416c970 Exception <a 'sun/nio/fs/WindowsException'{0x00000000855ed9a0}> (0x00000000855ed9a0) 
thrown [s\src\hotspot\share\prims\jni.cpp, line 517]
Event: 3.477 Thread 0x0000022ef416c970 Exception <a 'sun/nio/fs/WindowsException'{0x00000000855eef18}> (0x00000000855eef18) 
thrown [s\src\hotspot\share\prims\jni.cpp, line 517]
Event: 3.477 Thread 0x0000022ef416c970 Exception <a 'sun/nio/fs/WindowsException'{0x00000000855f04b0}> (0x00000000855f04b0) 
thrown [s\src\hotspot\share\prims\jni.cpp, line 517]
Event: 3.493 Thread 0x0000022ef416c970 Exception <a 'java/lang/NoSuchMethodError'{0x0000000085300138}: 'java.lang.Object java.lang.invoke.Invokers$Holder.invoker(java.lang.Object, java.lang.Object, java.lang.Object, java.lang.Object, java.lang.Object, java.lang.Object, java.lang.Object, java.lang.Object, java.lang.Object)'> (0x0000000085300138) 
thrown [s\src\hotspot\share\interpreter\linkResolver.cpp, line 771]
Event: 3.502 Thread 0x0000022ef416c970 Exception <a 'java/lang/NoSuchMethodError'{0x00000000853b0f08}: 'java.lang.Object java.lang.invoke.Invokers$Holder.invoker(java.lang.Object, java.lang.Object, java.lang.Object, java.lang.Object)'> (0x00000000853b0f08) 
thrown [s\src\hotspot\share\interpreter\linkResolver.cpp, line 771]
Event: 3.519 Thread 0x0000022ef416c970 Exception <a 'java/lang/NoSuchMethodError'{0x000000008525dbf8}: 'java.lang.Object java.lang.invoke.DelegatingMethodHandle$Holder.reinvoke_L(java.lang.Object, java.lang.Object, java.lang.Object, java.lang.Object, java.lang.Object, java.lang.Object, java.lang.Object, java.lang.Object, java.lang.Object, java.lang.Object, java.lang.Object, java.lang.Object, java.lang.Object, java.lang.Object, java.lang.Object, java.lang.Object, java.lang.Object, java.lang.Object, java.lang.Object, java.lang.Object, java.lang.O
Event: 3.520 Thread 0x0000022ef416c970 Exception <a 'java/lang/NoSuchMethodError'{0x00000000852697b0}: 'java.lang.Object java.lang.invoke.Invokers$Holder.invoker(java.lang.Object, java.lang.Object, java.lang.Object, java.lang.Object, java.lang.Object, java.lang.Object, java.lang.Object, java.lang.Object, java.lang.Object, java.lang.Object, java.lang.Object, java.lang.Object, java.lang.Object, java.lang.Object, java.lang.Object, java.lang.Object, java.lang.Object, java.lang.Object, java.lang.Object, java.lang.Object, java.lang.Object, java.lang.
Event: 3.521 Thread 0x0000022ef416c970 Exception <a 'java/lang/NoSuchMethodError'{0x00000000852703b8}: 'java.lang.Object java.lang.invoke.DelegatingMethodHandle$Holder.delegate(java.lang.Object, java.lang.Object, java.lang.Object, java.lang.Object, java.lang.Object, java.lang.Object, java.lang.Object, java.lang.Object, java.lang.Object, java.lang.Object, java.lang.Object, java.lang.Object, java.lang.Object, java.lang.Object, java.lang.Object, java.lang.Object, java.lang.Object, java.lang.Object, java.lang.Object, java.lang.Object, java.lang.Obj
Event: 3.527 Thread 0x0000022ef416c970 Exception <a 'java/lang/NoSuchMethodError'{0x00000000851159d8}: 'java.lang.Object java.lang.invoke.DirectMethodHandle$Holder.invokeStatic(java.lang.Object, java.lang.Object, java.lang.Object, java.lang.Object, java.lang.Object, java.lang.Object, java.lang.Object, java.lang.Object, java.lang.Object, java.lang.Object, java.lang.Object, java.lang.Object, java.lang.Object, java.lang.Object, java.lang.Object, java.lang.Object, java.lang.Object)'> (0x00000000851159d8) 
thrown [s\src\hotspot\share\interpreter\lin
Event: 3.528 Thread 0x0000022ef416c970 Exception <a 'java/lang/NoSuchMethodError'{0x000000008513ead8}: 'java.lang.Object java.lang.invoke.DirectMethodHandle$Holder.invokeStatic(java.lang.Object, java.lang.Object, java.lang.Object, java.lang.Object, java.lang.Object, java.lang.Object, java.lang.Object, java.lang.Object, java.lang.Object, java.lang.Object, java.lang.Object, java.lang.Object, java.lang.Object, java.lang.Object, java.lang.Object, java.lang.Object, java.lang.Object, java.lang.Object)'> (0x000000008513ead8) 
thrown [s\src\hotspot\sha
Event: 3.529 Thread 0x0000022ef416c970 Exception <a 'java/lang/NoSuchMethodError'{0x000000008516ef40}: 'java.lang.Object java.lang.invoke.DirectMethodHandle$Holder.invokeStatic(java.lang.Object, java.lang.Object, java.lang.Object, java.lang.Object, java.lang.Object, java.lang.Object, java.lang.Object, java.lang.Object, java.lang.Object, java.lang.Object, java.lang.Object, java.lang.Object, java.lang.Object, java.lang.Object, java.lang.Object, java.lang.Object, java.lang.Object, java.lang.Object, java.lang.Object)'> (0x000000008516ef40) 
thrown 
Event: 3.530 Thread 0x0000022ef416c970 Exception <a 'java/lang/NoSuchMethodError'{0x000000008519a198}: 'java.lang.Object java.lang.invoke.DirectMethodHandle$Holder.invokeStatic(java.lang.Object, java.lang.Object, java.lang.Object, java.lang.Object, java.lang.Object, java.lang.Object, java.lang.Object, java.lang.Object, java.lang.Object, java.lang.Object, java.lang.Object, java.lang.Object, java.lang.Object, java.lang.Object, java.lang.Object, java.lang.Object, java.lang.Object, java.lang.Object, java.lang.Object, java.lang.Object)'> (0x00000000
Event: 3.533 Thread 0x0000022ef416c970 Exception <a 'java/lang/NoSuchMethodError'{0x00000000851c62d0}: 'java.lang.Object java.lang.invoke.DirectMethodHandle$Holder.invokeStatic(java.lang.Object, java.lang.Object, java.lang.Object, java.lang.Object, java.lang.Object, java.lang.Object, java.lang.Object, java.lang.Object, java.lang.Object, java.lang.Object, java.lang.Object, java.lang.Object, java.lang.Object, java.lang.Object, java.lang.Object, java.lang.Object, java.lang.Object, java.lang.Object, java.lang.Object, java.lang.Object, java.lang.Obj
Event: 3.535 Thread 0x0000022ef416c970 Exception <a 'java/lang/NoSuchMethodError'{0x00000000851f3538}: 'java.lang.Object java.lang.invoke.DirectMethodHandle$Holder.invokeStatic(java.lang.Object, java.lang.Object, java.lang.Object, java.lang.Object, java.lang.Object, java.lang.Object, java.lang.Object, java.lang.Object, java.lang.Object, java.lang.Object, java.lang.Object, java.lang.Object, java.lang.Object, java.lang.Object, java.lang.Object, java.lang.Object, java.lang.Object, java.lang.Object, java.lang.Object, java.lang.Object, java.lang.Obj
Event: 3.538 Thread 0x0000022ef416c970 Exception <a 'java/lang/NoSuchMethodError'{0x00000000850215d0}: 'java.lang.Object java.lang.invoke.DirectMethodHandle$Holder.invokeStatic(java.lang.Object, java.lang.Object, java.lang.Object, java.lang.Object, java.lang.Object, java.lang.Object, java.lang.Object, java.lang.Object, java.lang.Object, java.lang.Object, java.lang.Object, java.lang.Object, java.lang.Object, java.lang.Object, java.lang.Object, java.lang.Object, java.lang.Object, java.lang.Object, java.lang.Object, java.lang.Object, java.lang.Obj
Event: 3.540 Thread 0x0000022ef416c970 Exception <a 'java/lang/NoSuchMethodError'{0x0000000085050ea8}: 'java.lang.Object java.lang.invoke.DirectMethodHandle$Holder.invokeStatic(java.lang.Object, java.lang.Object, java.lang.Object, java.lang.Object, java.lang.Object, java.lang.Object, java.lang.Object, java.lang.Object, java.lang.Object, java.lang.Object, java.lang.Object, java.lang.Object, java.lang.Object, java.lang.Object, java.lang.Object, java.lang.Object, java.lang.Object, java.lang.Object, java.lang.Object, java.lang.Object, java.lang.Obj
Event: 3.541 Thread 0x0000022ef416c970 Exception <a 'java/lang/NoSuchMethodError'{0x0000000085083108}: 'java.lang.Object java.lang.invoke.DirectMethodHandle$Holder.invokeStatic(java.lang.Object, java.lang.Object, java.lang.Object, java.lang.Object, java.lang.Object, java.lang.Object, java.lang.Object, java.lang.Object, java.lang.Object, java.lang.Object, java.lang.Object, java.lang.Object, java.lang.Object, java.lang.Object, java.lang.Object, java.lang.Object, java.lang.Object, java.lang.Object, java.lang.Object, java.lang.Object, java.lang.Obj

VM Operations (20 events):
Event: 3.017 Executing VM operation: G1PauseCleanup
Event: 3.017 Executing VM operation: G1PauseCleanup done
Event: 3.035 Executing VM operation: HandshakeAllThreads
Event: 3.035 Executing VM operation: HandshakeAllThreads done
Event: 3.204 Executing VM operation: HandshakeAllThreads
Event: 3.204 Executing VM operation: HandshakeAllThreads done
Event: 3.334 Executing VM operation: HandshakeAllThreads
Event: 3.334 Executing VM operation: HandshakeAllThreads done
Event: 3.334 Executing VM operation: HandshakeAllThreads
Event: 3.334 Executing VM operation: HandshakeAllThreads done
Event: 3.337 Executing VM operation: HandshakeAllThreads
Event: 3.337 Executing VM operation: HandshakeAllThreads done
Event: 3.341 Executing VM operation: HandshakeAllThreads
Event: 3.341 Executing VM operation: HandshakeAllThreads done
Event: 3.347 Executing VM operation: HandshakeAllThreads
Event: 3.347 Executing VM operation: HandshakeAllThreads done
Event: 3.410 Executing VM operation: HandshakeAllThreads
Event: 3.410 Executing VM operation: HandshakeAllThreads done
Event: 3.432 Executing VM operation: G1CollectForAllocation
Event: 3.436 Executing VM operation: G1CollectForAllocation done

Events (20 events):
Event: 3.526 loading class java/lang/invoke/ClassSpecializer$Factory$1Var
Event: 3.526 loading class java/lang/invoke/ClassSpecializer$Factory$1Var done
Event: 3.527 loading class java/lang/invoke/BoundMethodHandle$Species_LLLLLLLLLLLLLLL
Event: 3.527 loading class java/lang/invoke/BoundMethodHandle$Species_LLLLLLLLLLLLLLL done
Event: 3.529 loading class java/lang/invoke/BoundMethodHandle$Species_LLLLLLLLLLLLLLLL
Event: 3.529 loading class java/lang/invoke/BoundMethodHandle$Species_LLLLLLLLLLLLLLLL done
Event: 3.530 loading class java/lang/invoke/BoundMethodHandle$Species_LLLLLLLLLLLLLLLLL
Event: 3.530 loading class java/lang/invoke/BoundMethodHandle$Species_LLLLLLLLLLLLLLLLL done
Event: 3.532 loading class java/lang/invoke/BoundMethodHandle$Species_LLLLLLLLLLLLLLLLLL
Event: 3.532 loading class java/lang/invoke/BoundMethodHandle$Species_LLLLLLLLLLLLLLLLLL done
Event: 3.534 loading class java/lang/invoke/BoundMethodHandle$Species_LLLLLLLLLLLLLLLLLLL
Event: 3.534 loading class java/lang/invoke/BoundMethodHandle$Species_LLLLLLLLLLLLLLLLLLL done
Event: 3.537 loading class java/lang/invoke/BoundMethodHandle$Species_LLLLLLLLLLLLLLLLLLLL
Event: 3.537 loading class java/lang/invoke/BoundMethodHandle$Species_LLLLLLLLLLLLLLLLLLLL done
Event: 3.539 loading class java/lang/invoke/BoundMethodHandle$Species_LLLLLLLLLLLLLLLLLLLLL
Event: 3.539 loading class java/lang/invoke/BoundMethodHandle$Species_LLLLLLLLLLLLLLLLLLLLL done
Event: 3.541 loading class java/lang/invoke/BoundMethodHandle$Species_LLLLLLLLLLLLLLLLLLLLLL
Event: 3.541 loading class java/lang/invoke/BoundMethodHandle$Species_LLLLLLLLLLLLLLLLLLLLLL done
Event: 3.551 loading class java/util/regex/Pattern$Pos
Event: 3.551 loading class java/util/regex/Pattern$Pos done


Dynamic libraries:
0x00007ff660450000 - 0x00007ff66045a000 	C:\Program Files\Android\Android Studio4\jbr\bin\java.exe
0x00007fffa9310000 - 0x00007fffa9527000 	C:\WINDOWS\SYSTEM32\ntdll.dll
0x00007fffa8240000 - 0x00007fffa8304000 	C:\WINDOWS\System32\KERNEL32.DLL
0x00007fffa6c80000 - 0x00007fffa7037000 	C:\WINDOWS\System32\KERNELBASE.dll
0x00007fffa6710000 - 0x00007fffa6821000 	C:\WINDOWS\System32\ucrtbase.dll
0x00007fff83640000 - 0x00007fff8365b000 	C:\Program Files\Android\Android Studio4\jbr\bin\VCRUNTIME140.dll
0x00007fff81bc0000 - 0x00007fff81bd7000 	C:\Program Files\Android\Android Studio4\jbr\bin\jli.dll
0x00007fffa8570000 - 0x00007fffa871f000 	C:\WINDOWS\System32\USER32.dll
0x00007fffa68d0000 - 0x00007fffa68f6000 	C:\WINDOWS\System32\win32u.dll
0x00007fffa8c90000 - 0x00007fffa8cb9000 	C:\WINDOWS\System32\GDI32.dll
0x00007fff8a880000 - 0x00007fff8ab13000 	C:\WINDOWS\WinSxS\amd64_microsoft.windows.common-controls_6595b64144ccf1df_6.0.22621.3672_none_2713b9d173822955\COMCTL32.dll
0x00007fffa8800000 - 0x00007fffa88a7000 	C:\WINDOWS\System32\msvcrt.dll
0x00007fffa6b60000 - 0x00007fffa6c78000 	C:\WINDOWS\System32\gdi32full.dll
0x00007fffa6830000 - 0x00007fffa68ca000 	C:\WINDOWS\System32\msvcp_win.dll
0x00007fffa8ef0000 - 0x00007fffa8f21000 	C:\WINDOWS\System32\IMM32.DLL
0x0000000072660000 - 0x000000007266c000 	C:\Program Files (x86)\360\Total Security\safemon\SafeWrapper.dll
0x00007fffa8180000 - 0x00007fffa8232000 	C:\WINDOWS\System32\ADVAPI32.dll
0x00007fffa7ff0000 - 0x00007fffa8098000 	C:\WINDOWS\System32\sechost.dll
0x00007fffa66e0000 - 0x00007fffa6708000 	C:\WINDOWS\System32\bcrypt.dll
0x00007fffa8a60000 - 0x00007fffa8b74000 	C:\WINDOWS\System32\RPCRT4.dll
0x00007fff5d080000 - 0x00007fff5d12c000 	C:\Program Files (x86)\360\Total Security\safemon\libzdtp64.dll
0x00007fffa70d0000 - 0x00007fffa7939000 	C:\WINDOWS\System32\SHELL32.dll
0x00007fffa8b80000 - 0x00007fffa8bde000 	C:\WINDOWS\System32\SHLWAPI.dll
0x00007fffa6280000 - 0x00007fffa628a000 	C:\WINDOWS\SYSTEM32\VERSION.dll
0x00007fff9d200000 - 0x00007fff9d20c000 	C:\Program Files\Android\Android Studio4\jbr\bin\vcruntime140_1.dll
0x00007fff5beb0000 - 0x00007fff5bf3d000 	C:\Program Files\Android\Android Studio4\jbr\bin\msvcp140.dll
0x00007fff5e820000 - 0x00007fff5f4a3000 	C:\Program Files\Android\Android Studio4\jbr\bin\server\jvm.dll
0x00007fff9d0d0000 - 0x00007fff9d104000 	C:\WINDOWS\SYSTEM32\WINMM.dll
0x00007fff9fb60000 - 0x00007fff9fb69000 	C:\WINDOWS\SYSTEM32\WSOCK32.dll
0x00007fffa5460000 - 0x00007fffa54ad000 	C:\WINDOWS\SYSTEM32\POWRPROF.dll
0x00007fffa84f0000 - 0x00007fffa8561000 	C:\WINDOWS\System32\WS2_32.dll
0x00007fffa5440000 - 0x00007fffa5453000 	C:\WINDOWS\SYSTEM32\UMPDC.dll
0x00007fffa56f0000 - 0x00007fffa5708000 	C:\WINDOWS\SYSTEM32\kernel.appcore.dll
0x00007fff9de70000 - 0x00007fff9de7a000 	C:\Program Files\Android\Android Studio4\jbr\bin\jimage.dll
0x00007fffa3e50000 - 0x00007fffa4082000 	C:\WINDOWS\SYSTEM32\DBGHELP.DLL
0x00007fffa8f30000 - 0x00007fffa92be000 	C:\WINDOWS\System32\combase.dll
0x00007fffa8720000 - 0x00007fffa87f7000 	C:\WINDOWS\System32\OLEAUT32.dll
0x00007fff86910000 - 0x00007fff86942000 	C:\WINDOWS\SYSTEM32\dbgcore.DLL
0x00007fffa6ae0000 - 0x00007fffa6b5b000 	C:\WINDOWS\System32\bcryptPrimitives.dll
0x00007fff82200000 - 0x00007fff8220e000 	C:\Program Files\Android\Android Studio4\jbr\bin\instrument.dll
0x00007fff87a80000 - 0x00007fff87aa5000 	C:\Program Files\Android\Android Studio4\jbr\bin\java.dll
0x00007fff9de50000 - 0x00007fff9de68000 	C:\Program Files\Android\Android Studio4\jbr\bin\zip.dll
0x00007fffa4520000 - 0x00007fffa4e1f000 	C:\WINDOWS\SYSTEM32\windows.storage.dll
0x00007fffa43e0000 - 0x00007fffa451f000 	C:\WINDOWS\SYSTEM32\wintypes.dll
0x00007fffa7a70000 - 0x00007fffa7b69000 	C:\WINDOWS\System32\SHCORE.dll
0x00007fffa6550000 - 0x00007fffa6577000 	C:\WINDOWS\SYSTEM32\profapi.dll
0x00007fff8ac00000 - 0x00007fff8ac19000 	C:\Program Files\Android\Android Studio4\jbr\bin\net.dll
0x00007fffa02e0000 - 0x00007fffa0416000 	C:\WINDOWS\SYSTEM32\WINHTTP.dll
0x00007fffa5b60000 - 0x00007fffa5bc9000 	C:\WINDOWS\system32\mswsock.dll
0x00007fff82210000 - 0x00007fff82226000 	C:\Program Files\Android\Android Studio4\jbr\bin\nio.dll
0x00007fff82470000 - 0x00007fff82480000 	C:\Program Files\Android\Android Studio4\jbr\bin\verify.dll
0x00007fff78a90000 - 0x00007fff78ab7000 	C:\Users\user\.gradle\native\c067742578af261105cb4f569cf0c3c89f3d7b1fecec35dd04571415982c5e48\windows-amd64\native-platform.dll
0x00007fff58c70000 - 0x00007fff58db4000 	C:\Users\user\.gradle\native\38dada09dfb8b06ba9b0570ebf7e218e3eb74d4ef43ca46872605cf95ebc2f47\windows-amd64\native-platform-file-events.dll
0x00007fff83680000 - 0x00007fff83689000 	C:\Program Files\Android\Android Studio4\jbr\bin\management.dll
0x00007fff82e20000 - 0x00007fff82e2b000 	C:\Program Files\Android\Android Studio4\jbr\bin\management_ext.dll
0x00007fffa7940000 - 0x00007fffa7948000 	C:\WINDOWS\System32\PSAPI.DLL
0x00007fffa5db0000 - 0x00007fffa5dcb000 	C:\WINDOWS\SYSTEM32\CRYPTSP.dll
0x00007fffa5650000 - 0x00007fffa5685000 	C:\WINDOWS\system32\rsaenh.dll
0x00007fffa5c50000 - 0x00007fffa5c78000 	C:\WINDOWS\SYSTEM32\USERENV.dll
0x00007fffa5dd0000 - 0x00007fffa5ddc000 	C:\WINDOWS\SYSTEM32\CRYPTBASE.dll
0x00007fffa5100000 - 0x00007fffa512d000 	C:\WINDOWS\SYSTEM32\IPHLPAPI.DLL
0x00007fffa8120000 - 0x00007fffa8129000 	C:\WINDOWS\System32\NSI.dll
0x00007fffa0100000 - 0x00007fffa0119000 	C:\WINDOWS\SYSTEM32\dhcpcsvc6.DLL
0x00007fffa00e0000 - 0x00007fffa00ff000 	C:\WINDOWS\SYSTEM32\dhcpcsvc.DLL
0x00007fffa5130000 - 0x00007fffa5232000 	C:\WINDOWS\SYSTEM32\DNSAPI.dll
0x00007fff86950000 - 0x00007fff86958000 	C:\WINDOWS\system32\wshunix.dll

dbghelp: loaded successfully - version: 4.0.5 - missing functions: none
symbol engine: initialized successfully - sym options: 0x614 - pdb path: .;C:\Program Files\Android\Android Studio4\jbr\bin;C:\WINDOWS\SYSTEM32;C:\WINDOWS\WinSxS\amd64_microsoft.windows.common-controls_6595b64144ccf1df_6.0.22621.3672_none_2713b9d173822955;C:\Program Files (x86)\360\Total Security\safemon;C:\Program Files\Android\Android Studio4\jbr\bin\server;C:\Users\user\.gradle\native\c067742578af261105cb4f569cf0c3c89f3d7b1fecec35dd04571415982c5e48\windows-amd64;C:\Users\user\.gradle\native\38dada09dfb8b06ba9b0570ebf7e218e3eb74d4ef43ca46872605cf95ebc2f47\windows-amd64

VM Arguments:
jvm_args: --add-opens=java.base/java.util=ALL-UNNAMED --add-opens=java.base/java.lang=ALL-UNNAMED --add-opens=java.base/java.lang.invoke=ALL-UNNAMED --add-opens=java.prefs/java.util.prefs=ALL-UNNAMED --add-opens=java.base/java.nio.charset=ALL-UNNAMED --add-opens=java.base/java.net=ALL-UNNAMED --add-opens=java.base/java.util.concurrent.atomic=ALL-UNNAMED -Xmx2048m -Dfile.encoding=UTF-8 -Duser.country=US -Duser.language=en -Duser.variant -javaagent:C:\Users\user\.gradle\wrapper\dists\gradle-8.4-bin\1w5dpkrfk8irigvoxmyhowfim\gradle-8.4\lib\agents\gradle-instrumentation-agent-8.4.jar 
java_command: org.gradle.launcher.daemon.bootstrap.GradleDaemon 8.4
java_class_path (initial): C:\Users\user\.gradle\wrapper\dists\gradle-8.4-bin\1w5dpkrfk8irigvoxmyhowfim\gradle-8.4\lib\gradle-launcher-8.4.jar
Launcher Type: SUN_STANDARD

[Global flags]
     intx CICompilerCount                          = 4                                         {product} {ergonomic}
     uint ConcGCThreads                            = 3                                         {product} {ergonomic}
     uint G1ConcRefinementThreads                  = 10                                        {product} {ergonomic}
   size_t G1HeapRegionSize                         = 1048576                                   {product} {ergonomic}
    uintx GCDrainStackTargetSize                   = 64                                        {product} {ergonomic}
   size_t InitialHeapSize                          = 130023424                                 {product} {ergonomic}
   size_t MarkStackSize                            = 4194304                                   {product} {ergonomic}
   size_t MaxHeapSize                              = 2147483648                                {product} {command line}
   size_t MaxNewSize                               = 1287651328                                {product} {ergonomic}
   size_t MinHeapDeltaBytes                        = 1048576                                   {product} {ergonomic}
   size_t MinHeapSize                              = 8388608                                   {product} {ergonomic}
    uintx NonNMethodCodeHeapSize                   = 5839372                                {pd product} {ergonomic}
    uintx NonProfiledCodeHeapSize                  = 122909434                              {pd product} {ergonomic}
    uintx ProfiledCodeHeapSize                     = 122909434                              {pd product} {ergonomic}
    uintx ReservedCodeCacheSize                    = 251658240                              {pd product} {ergonomic}
     bool SegmentedCodeCache                       = true                                      {product} {ergonomic}
   size_t SoftMaxHeapSize                          = 2147483648                             {manageable} {ergonomic}
     bool UseCompressedClassPointers               = true                           {product lp64_product} {ergonomic}
     bool UseCompressedOops                        = true                           {product lp64_product} {ergonomic}
     bool UseG1GC                                  = true                                      {product} {ergonomic}
     bool UseLargePagesIndividualAllocation        = false                                  {pd product} {ergonomic}

Logging:
Log output configuration:
 #0: stdout all=warning uptime,level,tags
 #1: stderr all=off uptime,level,tags

Environment Variables:
PATH=C:\Program Files\Common Files\Oracle\Java\javapath;C:\Program Files (x86)\Common Files\Oracle\Java\javapath;C:\WINDOWS\system32;C:\WINDOWS;C:\WINDOWS\System32\Wbem;C:\WINDOWS\System32\WindowsPowerShell\v1.0\;C:\WINDOWS\System32\OpenSSH\;C:\Program Files\Git\cmd;C:\Users\user\AppData\Local\Microsoft\WindowsApps;
USERNAME=user
OS=Windows_NT
PROCESSOR_IDENTIFIER=Intel64 Family 6 Model 186 Stepping 2, GenuineIntel
TMP=C:\Users\user\AppData\Local\Temp
TEMP=C:\Users\user\AppData\Local\Temp



Periodic native trim disabled

JNI global refs:
JNI global refs: 25, weak refs: 1

JNI global refs memory usage: 843, weak refs: 841

OOME stack traces (most recent first):
Classloader memory used:
Loader org.gradle.internal.classloader.VisitableURLClassLoader                         : 2457K
Loader bootstrap                                                                       : 2289K
Loader org.gradle.initialization.MixInLegacyTypesClassLoader                           : 452K
Loader jdk.internal.loader.ClassLoaders$PlatformClassLoader                            : 64887B
Loader jdk.internal.loader.ClassLoaders$AppClassLoader                                 : 28117B
Loader jdk.internal.reflect.DelegatingClassLoader                                      : 3966B

Classes loaded by more than one classloader:
Class org.gradle.internal.installation.GradleInstallation                             : loaded 2 times (x 73B)
Class org.gradle.internal.classpath.ClassPath                                         : loaded 2 times (x 68B)
Class org.gradle.api.internal.classpath.DefaultModuleRegistry                         : loaded 2 times (x 84B)
Class org.gradle.api.Action                                                           : loaded 2 times (x 68B)
Class org.gradle.api.internal.DefaultClassPathProvider                                : loaded 2 times (x 74B)
Class org.gradle.internal.installation.GradleInstallation$1                           : loaded 2 times (x 73B)
Class org.gradle.internal.classloader.FilteringClassLoader                            : loaded 2 times (x 103B)
Class org.gradle.internal.classpath.DefaultClassPath$ImmutableUniqueList$Builder      : loaded 2 times (x 73B)
Class org.gradle.internal.classloader.ClassLoaderVisitor                              : loaded 2 times (x 74B)
Class org.gradle.internal.service.DefaultServiceLocator                               : loaded 2 times (x 81B)
Class org.gradle.internal.service.UnknownServiceException                             : loaded 2 times (x 81B)
Class org.gradle.internal.classloader.DefaultClassLoaderFactory                       : loaded 2 times (x 80B)
Class org.gradle.internal.classloader.VisitableURLClassLoader$Spec                    : loaded 2 times (x 72B)
Class org.gradle.api.GradleException                                                  : loaded 2 times (x 80B)
Class org.gradle.api.internal.classpath.ModuleRegistry                                : loaded 2 times (x 68B)
Class org.gradle.api.internal.ClassPathProvider                                       : loaded 2 times (x 68B)
Class org.gradle.internal.classloader.ClasspathUtil$1                                 : loaded 2 times (x 74B)
Class org.gradle.internal.classloader.ClassLoaderFactory                              : loaded 2 times (x 68B)
Class org.gradle.api.internal.classpath.ManifestUtil                                  : loaded 2 times (x 69B)
Class org.gradle.api.specs.Spec                                                       : loaded 2 times (x 68B)
Class org.gradle.internal.IoActions                                                   : loaded 2 times (x 69B)
Class org.gradle.api.internal.classpath.EffectiveClassPath                            : loaded 2 times (x 88B)
Class org.gradle.internal.installation.CurrentGradleInstallation                      : loaded 2 times (x 71B)
Class org.gradle.internal.agents.InstrumentingClassLoader                             : loaded 2 times (x 68B)
Class org.gradle.internal.installation.CurrentGradleInstallationLocator               : loaded 2 times (x 69B)
Class org.gradle.api.internal.classpath.Module                                        : loaded 2 times (x 68B)
Class org.gradle.internal.service.CachingServiceLocator                               : loaded 2 times (x 80B)
Class org.gradle.internal.classpath.DefaultClassPath                                  : loaded 2 times (x 88B)
Class org.gradle.internal.classloader.SystemClassLoaderSpec                           : loaded 2 times (x 69B)
Class org.gradle.api.UncheckedIOException                                             : loaded 2 times (x 80B)
Class org.gradle.internal.classloader.ClasspathUtil                                   : loaded 2 times (x 69B)
Class org.gradle.api.internal.DefaultClassPathRegistry                                : loaded 2 times (x 74B)
Class org.gradle.api.internal.classpath.DefaultModuleRegistry$DefaultModule           : loaded 2 times (x 84B)
Class org.gradle.api.internal.classpath.UnknownModuleException                        : loaded 2 times (x 80B)
Class org.gradle.internal.service.ServiceLookupException                              : loaded 2 times (x 80B)
Class org.gradle.cache.GlobalCache                                                    : loaded 2 times (x 68B)
Class [Lorg.gradle.api.internal.ClassPathProvider;                                    : loaded 2 times (x 67B)
Class org.gradle.util.internal.GUtil                                                  : loaded 2 times (x 69B)
Class org.gradle.internal.classloader.ClassLoaderSpec                                 : loaded 2 times (x 69B)
Class org.gradle.internal.classloader.VisitableURLClassLoader                         : loaded 2 times (x 115B)
Class org.gradle.internal.Cast                                                        : loaded 2 times (x 69B)
Class org.gradle.api.internal.ClassPathRegistry                                       : loaded 2 times (x 68B)
Class org.gradle.internal.classloader.VisitableURLClassLoader$InstrumentingVisitableURLClassLoader: loaded 2 times (x 121B)
Class org.gradle.internal.classloader.ClassLoaderHierarchy                            : loaded 2 times (x 68B)
Class org.gradle.internal.InternalTransformer                                         : loaded 2 times (x 68B)
Class org.gradle.internal.service.ServiceLocator                                      : loaded 2 times (x 68B)
Class org.gradle.internal.classpath.DefaultClassPath$ImmutableUniqueList              : loaded 2 times (x 159B)
Class org.gradle.internal.classpath.TransformedClassPath                              : loaded 2 times (x 94B)


---------------  S Y S T E M  ---------------

OS:
 Windows 11 , 64 bit Build 22621 (10.0.22621.3958)
OS uptime: 0 days 22:17 hours

CPU: total 12 (initial active 12) (6 cores per cpu, 2 threads per core) family 6 model 186 stepping 2 microcode 0x4121, cx8, cmov, fxsr, ht, mmx, 3dnowpref, sse, sse2, sse3, ssse3, sse4.1, sse4.2, popcnt, lzcnt, tsc, tscinvbit, avx, avx2, aes, erms, clmul, bmi1, bmi2, adx, sha, fma, vzeroupper, clflush, clflushopt, clwb
Processor Information for processor 0
  Max Mhz: 2100, Current Mhz: 2100, Mhz Limit: 2100
Processor Information for processor 1
  Max Mhz: 2100, Current Mhz: 2100, Mhz Limit: 2100
Processor Information for processor 2
  Max Mhz: 2100, Current Mhz: 2100, Mhz Limit: 2100
Processor Information for processor 3
  Max Mhz: 2100, Current Mhz: 2100, Mhz Limit: 2100
Processor Information for processor 4
  Max Mhz: 2100, Current Mhz: 2100, Mhz Limit: 2100
Processor Information for processor 5
  Max Mhz: 2100, Current Mhz: 2100, Mhz Limit: 2100
Processor Information for processor 6
  Max Mhz: 2100, Current Mhz: 2100, Mhz Limit: 2100
Processor Information for processor 7
  Max Mhz: 2100, Current Mhz: 2100, Mhz Limit: 2100
Processor Information for processor 8
  Max Mhz: 2100, Current Mhz: 2100, Mhz Limit: 2100
Processor Information for processor 9
  Max Mhz: 2100, Current Mhz: 2100, Mhz Limit: 2100
Processor Information for processor 10
  Max Mhz: 2100, Current Mhz: 1540, Mhz Limit: 2100
Processor Information for processor 11
  Max Mhz: 2100, Current Mhz: 2100, Mhz Limit: 2100

Memory: 4k page, system-wide physical 7832M (695M free)
TotalPageFile size 7832M (AvailPageFile size 5M)
current process WorkingSet (physical memory assigned to process): 252M, peak: 252M
current process commit charge ("private bytes"): 301M, peak: 303M

vm_info: OpenJDK 64-Bit Server VM (17.0.9+0--11185874) for windows-amd64 JRE (17.0.9+0--11185874), built on Dec  6 2023 18:57:44 by "androidbuild" with MS VC++ 16.10 / 16.11 (VS2019)

END.
